#
# A fatal error has been detected by the Java Runtime Environment:
#
#  SIGSEGV (0xb) at pc=0x00007fff3ae9588d, pid=6832, tid=73475
#
# JRE version: Java(TM) SE Runtime Environment (13.0.2+8) (build 13.0.2+8)
# Java VM: Java HotSpot(TM) 64-Bit Server VM (13.0.2+8, mixed mode, sharing, tiered, compressed oops, g1 gc, bsd-amd64)
# Problematic frame:
# C  [IOKit+0x3b88d]  IOHIDManagerCopyDevices+0x0
#
# No core dump will be written. Core dumps have been disabled. To enable core dumping, try "ulimit -c unlimited" before starting Java again
#
# If you would like to submit a bug report, please visit:
#   http://bugreport.java.com/bugreport/crash.jsp
# The crash happened outside the Java Virtual Machine in native code.
# See problematic frame for where to report the bug.
#

---------------  S U M M A R Y ------------

Command Line: -Dfile.encoding=UTF-8 Forward_back

Host: MacBookAir7,2 x86_64 1800 MHz, 4 cores, 8G, Darwin 19.3.0
Time: Thu Feb  6 23:36:10 2020 GMT elapsed time: 2 seconds (0d 0h 0m 2s)

---------------  T H R E A D  ---------------

Current thread (0x00007fb5fe87c800):  JavaThread "BaseCreateLabDeviceConnectivityManager.executorService pool-1-thread-1" daemon [_thread_in_native, id=73475, stack(0x000070000b9d9000,0x000070000bad9000)]

Stack: [0x000070000b9d9000,0x000070000bad9000],  sp=0x000070000bad79b8,  free space=1018k
Native frames: (J=compiled Java code, A=aot compiled Java code, j=interpreted, Vv=VM code, C=native code)
C  [IOKit+0x3b88d]  IOHIDManagerCopyDevices+0x0
C  [jna16003415032949771102.tmp+0xc13c]  ffi_call_unix64+0x4c

Java frames: (J=compiled Java code, j=interpreted, Vv=VM code)
j  com.sun.jna.Function.invokePointer(I[Ljava/lang/Object;)Lcom/sun/jna/Pointer;+0
j  com.sun.jna.Function.invoke([Ljava/lang/Object;Ljava/lang/Class;Z)Ljava/lang/Object;+712
j  com.sun.jna.Function.invoke(Ljava/lang/Class;[Ljava/lang/Object;Ljava/util/Map;)Ljava/lang/Object;+214
j  com.sun.jna.Library$Handler.invoke(Ljava/lang/Object;Ljava/lang/reflect/Method;[Ljava/lang/Object;)Ljava/lang/Object;+341
j  com.sun.proxy.$Proxy3.hid_enumerate(SS)Ledu/cmu/ri/createlab/usb/hid/hidapi/HIDDeviceInfo;+26
j  edu.cmu.ri.createlab.usb.hid.hidapi.BaseHIDAPIDevice.claimAvailableDevice(Ledu/cmu/ri/createlab/usb/hid/HIDDeviceDescriptor;)Ledu/cmu/ri/createlab/usb/hid/DeviceInfo;+83
j  edu.cmu.ri.createlab.usb.hid.hidapi.BaseHIDAPIDevice.connect()V+12
j  edu.cmu.ri.createlab.usb.hid.hidapi.BaseHIDAPIDevice.connectExclusively()V+1
j  edu.cmu.ri.createlab.terk.robot.finch.DefaultFinchController.create()Ledu/cmu/ri/createlab/terk/robot/finch/FinchController;+74
j  edu.cmu.ri.createlab.device.connectivity.FinchConnectivityManager.scanForDeviceAndCreateProxy()Ledu/cmu/ri/createlab/device/CreateLabDeviceProxy;+0
j  edu.cmu.ri.createlab.device.connectivity.BaseCreateLabDeviceConnectivityManager$DeviceScanner.run()V+74
j  java.util.concurrent.Executors$RunnableAdapter.call()Ljava/lang/Object;+4 java.base@13.0.2
j  java.util.concurrent.FutureTask.run()V+39 java.base@13.0.2
j  java.util.concurrent.ScheduledThreadPoolExecutor$ScheduledFutureTask.run()V+28 java.base@13.0.2
j  java.util.concurrent.ThreadPoolExecutor.runWorker(Ljava/util/concurrent/ThreadPoolExecutor$Worker;)V+92 java.base@13.0.2
j  java.util.concurrent.ThreadPoolExecutor$Worker.run()V+5 java.base@13.0.2
j  java.lang.Thread.run()V+11 java.base@13.0.2
v  ~StubRoutines::call_stub

siginfo: si_signo: 11 (SIGSEGV), si_code: 1 (SEGV_MAPERR), si_addr: 0x0000000000000018

Register to memory mapping:

RAX=0x0 is NULL
RBX=0x000070000bad80f0 is pointing into the stack for thread: 0x00007fb5fe87c800
RCX=0x0000000000000002 is an unknown value
RDX=0x0000000000000001 is an unknown value
RSP=0x000070000bad79b8 is pointing into the stack for thread: 0x00007fb5fe87c800
RBP=0x000070000bad7f50 is pointing into the stack for thread: 0x00007fb5fe87c800
RSI=0x00007fb5fd78cf60 points into unknown readable memory: 00 00 00 00 00 00 00 50
RDI=0x0 is NULL
R8 =0x0000000000000004 is an unknown value
R9 =0x0000000108a00080 points into unknown readable memory: ff ff 00 00 00 00 00 00
R10=0x00007fb5fd6b9730 points into unknown readable memory: 2f 55 73 65 72 73 2f 68
R11=0x00007fff3ae9588d: IOHIDManagerCopyDevices+0 in /System/Library/Frameworks/IOKit.framework/Versions/A/IOKit at 0x00007fff3ae5a000
R12=0x0000000000000001 is an unknown value
R13=0xfffffffffffffffa is an unknown value
R14=0x0000000000000002 is an unknown value
R15=0x000070000bad81d0 is pointing into the stack for thread: 0x00007fb5fe87c800


Registers:
RAX=0x0000000000000000, RBX=0x000070000bad80f0, RCX=0x0000000000000002, RDX=0x0000000000000001
RSP=0x000070000bad79b8, RBP=0x000070000bad7f50, RSI=0x00007fb5fd78cf60, RDI=0x0000000000000000
R8 =0x0000000000000004, R9 =0x0000000108a00080, R10=0x00007fb5fd6b9730, R11=0x00007fff3ae9588d
R12=0x0000000000000001, R13=0xfffffffffffffffa, R14=0x0000000000000002, R15=0x000070000bad81d0
RIP=0x00007fff3ae9588d, EFLAGS=0x0000000000010206, ERR=0x0000000000000004
  TRAPNO=0x000000000000000e

Top of Stack: (sp=0x000070000bad79b8)
0x000070000bad79b8:   000000012d067a60 00007fb5fd78e1a0
0x000070000bad79c8:   5bd0f11065fc0020 000070000bad7a58
0x000070000bad79d8:   000070000bad7ad8 00007fb5fe87c800
0x000070000bad79e8:   0000000000000003 00000008003079d8
0x000070000bad79f8:   0000000787e03820 000070000bad7a20
0x000070000bad7a08:   00000001097465e1 0000000000000028
0x000070000bad7a18:   0000000787e7c4a0 000070000bad7a80
0x000070000bad7a28:   00000001090fcf88 000070000bad7a60
0x000070000bad7a38:   0000000000000000 000070000bad7b08
0x000070000bad7a48:   00007fb5fd41d5d0 fffffff8ffffffff
0x000070000bad7a58:   00007fb5fd41d5d0 ffffffffffffffff
0x000070000bad7a68:   00000001096a9328 0000000000000002
0x000070000bad7a78:   000070000bad7b60 000070000bad7b50
0x000070000bad7a88:   0000000109106789 000070000bad7b08
0x000070000bad7a98:   ffffffff00000000 ffffffffffffffff
0x000070000bad7aa8:   fffffff8ffffffff ffffffffffffff00
0x000070000bad7ab8:   0000000109938790 0000000000000000
0x000070000bad7ac8:   00000000ffffffff 010070000bad7f00
0x000070000bad7ad8:   0000000109938790 000000000000000e
0x000070000bad7ae8:   ffffffffffffffff ffffffffffffffff
0x000070000bad7af8:   fffffff8ffffffff ffffffffffffff00
0x000070000bad7b08:   0000000109938790 0000000000000000
0x000070000bad7b18:   00000000ffffffff 010070000bad7f00
0x000070000bad7b28:   0000000109938790 000070000bad7b70
0x000070000bad7b38:   000000011298865b 00007fffcdf5fd1a
0x000070000bad7b48:   00007fffcdf603b8 0000000112a0f8b0
0x000070000bad7b58:   0000000112a0f8b0 000070000bad7d70
0x000070000bad7b68:   00007fffcdf4f1cd 000070000bad7bb0
0x000070000bad7b78:   00000001129922ec 00007fffcdf5fd1b
0x000070000bad7b88:   0000000000000001 0000000112a0eaf8
0x000070000bad7b98:   0000000112a0f8b0 000070000bad7d70
0x000070000bad7ba8:   00007fffcdf4f1cd 000070000bad7bf0 

Instructions: (pc=0x00007fff3ae9588d)
0x00007fff3ae9578d:   00 00 00 01 4c 89 fe 4c 89 f2 e8 48 1a 05 00 41
0x00007fff3ae9579d:   b4 01 48 83 7b 18 00 74 4b 4c 8d 73 20 4c 89 f7
0x00007fff3ae957ad:   e8 06 22 05 00 48 89 df e8 36 1a 05 00 48 8b 73
0x00007fff3ae957bd:   18 48 89 c7 e8 68 1b 05 00 48 89 c3 4c 89 f7 e8
0x00007fff3ae957cd:   ed 21 05 00 48 85 db 74 2c 48 8d 35 78 ef ff ff
0x00007fff3ae957dd:   48 8d 55 d0 48 89 df e8 33 1b 05 00 48 89 df e8
0x00007fff3ae957ed:   c5 1a 05 00 41 0f b6 c4 48 83 c4 10 5b 41 5c 41
0x00007fff3ae957fd:   5e 41 5f 5d c3 45 31 e4 eb ea 55 48 89 e5 41 56
0x00007fff3ae9580d:   53 48 83 ec 10 48 89 75 e8 8b 47 74 85 c0 75 60
0x00007fff3ae9581d:   48 89 fb 48 83 7d e8 00 74 44 48 89 df e8 c1 19
0x00007fff3ae9582d:   05 00 48 8b 0d 9a c0 62 56 48 8d 75 e8 ba 01 00
0x00007fff3ae9583d:   00 00 48 89 c7 e8 23 18 05 00 49 89 c6 48 89 df
0x00007fff3ae9584d:   48 89 c6 e8 ad 95 fc ff 4d 85 f6 74 08 4c 89 f7
0x00007fff3ae9585d:   e8 54 1a 05 00 48 83 c4 10 5b 41 5e 5d c3 48 89
0x00007fff3ae9586d:   df 31 f6 48 83 c4 10 5b 41 5e 5d e9 85 95 fc ff
0x00007fff3ae9587d:   e8 35 db 04 00 90 90 90 90 90 90 90 90 90 90 90
0x00007fff3ae9588d:   48 83 7f 18 00 74 3d 55 48 89 e5 41 56 53 48 89
0x00007fff3ae9589d:   fb 4c 8d 77 20 4c 89 f7 e8 0e 21 05 00 48 89 df
0x00007fff3ae958ad:   e8 3e 19 05 00 48 8b 73 18 48 89 c7 e8 70 1a 05
0x00007fff3ae958bd:   00 48 89 c3 4c 89 f7 e8 f5 20 05 00 48 89 d8 5b
0x00007fff3ae958cd:   41 5e 5d c3 31 c0 c3 90 90 90 90 90 90 90 90 90
0x00007fff3ae958dd:   90 90 90 90 90 8b 47 74 85 c0 75 29 48 89 b7 b0
0x00007fff3ae958ed:   00 00 00 48 89 97 a8 00 00 00 80 bf 88 00 00 00
0x00007fff3ae958fd:   00 74 11 48 83 7f 18 00 74 0a be 20 00 00 00 e9
0x00007fff3ae9590d:   81 fb ff ff c3 55 48 89 e5 e8 3e db 04 00 8b 47
0x00007fff3ae9591d:   74 85 c0 75 29 48 89 b7 b8 00 00 00 48 89 97 a8
0x00007fff3ae9592d:   00 00 00 80 bf 88 00 00 00 00 74 11 48 83 7f 18
0x00007fff3ae9593d:   00 74 0a be 00 10 00 00 e9 48 fb ff ff c3 55 48
0x00007fff3ae9594d:   89 e5 e8 17 db 04 00 90 90 90 90 90 90 90 90 90
0x00007fff3ae9595d:   55 48 89 e5 41 56 53 48 83 ec 10 48 89 75 e8 8b
0x00007fff3ae9596d:   47 74 85 c0 75 5b 48 89 fb 48 83 7d e8 00 74 3f
0x00007fff3ae9597d:   48 89 df e8 6b 18 05 00 48 8b 0d 44 bf 62 56 48 


Stack slot to memory mapping:
stack at sp + 0 slots: 0x000000012d067a60: hid_enumerate+0x60 in /Users/hamzaserrokh/eclipse-workspace/Navigate/libhidapi64.dylib at 0x000000012d066000
stack at sp + 1 slots: 0x00007fb5fd78e1a0 points into unknown readable memory: 00 00 00 00 00 00 00 50
stack at sp + 2 slots: 0x5bd0f11065fc0020 is an unknown value
stack at sp + 3 slots: 0x000070000bad7a58 is pointing into the stack for thread: 0x00007fb5fe87c800
stack at sp + 4 slots: 0x000070000bad7ad8 is pointing into the stack for thread: 0x00007fb5fe87c800
stack at sp + 5 slots: 0x00007fb5fe87c800 is a thread
stack at sp + 6 slots: 0x0000000000000003 is an unknown value
stack at sp + 7 slots: {method} {0x00000008003079d8} 'getBytes' '()[B' in 'java/lang/String'


---------------  P R O C E S S  ---------------

Threads class SMR info:
_java_thread_list=0x00007fb5fd6bd1d0, length=16, elements={
0x00007fb5fd800000, 0x00007fb5ff047800, 0x00007fb5ff048800, 0x00007fb5fd85c800,
0x00007fb5fd85a000, 0x00007fb5ff050000, 0x00007fb5fe01e800, 0x00007fb5fe805800,
0x00007fb5ff049800, 0x00007fb5ff10a800, 0x00007fb5fe1e9800, 0x00007fb5fe877000,
0x00007fb5fe206800, 0x00007fb5fe878800, 0x00007fb5fe87b800, 0x00007fb5fe87c800
}

Java Threads: ( => current thread )
  0x00007fb5fd800000 JavaThread "main" [_thread_blocked, id=10499, stack(0x000070000a108000,0x000070000a208000)]
  0x00007fb5ff047800 JavaThread "Reference Handler" daemon [_thread_blocked, id=12803, stack(0x000070000a81d000,0x000070000a91d000)]
  0x00007fb5ff048800 JavaThread "Finalizer" daemon [_thread_blocked, id=13315, stack(0x000070000a920000,0x000070000aa20000)]
  0x00007fb5fd85c800 JavaThread "Signal Dispatcher" daemon [_thread_blocked, id=21763, stack(0x000070000ab29000,0x000070000ac29000)]
  0x00007fb5fd85a000 JavaThread "C2 CompilerThread0" daemon [_thread_blocked, id=42755, stack(0x000070000ac2c000,0x000070000ad2c000)]
  0x00007fb5ff050000 JavaThread "C1 CompilerThread0" daemon [_thread_blocked, id=42243, stack(0x000070000ad2f000,0x000070000ae2f000)]
  0x00007fb5fe01e800 JavaThread "Sweeper thread" daemon [_thread_blocked, id=41731, stack(0x000070000ae32000,0x000070000af32000)]
  0x00007fb5fe805800 JavaThread "Service Thread" daemon [_thread_blocked, id=22531, stack(0x000070000af35000,0x000070000b035000)]
  0x00007fb5ff049800 JavaThread "Common-Cleaner" daemon [_thread_blocked, id=40451, stack(0x000070000b13b000,0x000070000b23b000)]
  0x00007fb5ff10a800 JavaThread "AppKit Thread" daemon [_thread_in_native, id=775, stack(0x00007ffee6c61000,0x00007ffee7461000)]
  0x00007fb5fe1e9800 JavaThread "Java2D Queue Flusher" daemon [_thread_blocked, id=55303, stack(0x000070000b4ca000,0x000070000b5ca000)]
  0x00007fb5fe877000 JavaThread "Java2D Disposer" daemon [_thread_blocked, id=74499, stack(0x000070000b5cd000,0x000070000b6cd000)]
  0x00007fb5fe206800 JavaThread "DatasetPlotter.executorService pool-2-thread-1" daemon [_thread_blocked, id=58883, stack(0x000070000b6d0000,0x000070000b7d0000)]
  0x00007fb5fe878800 JavaThread "DatasetPlotter.executorService pool-3-thread-1" daemon [_thread_blocked, id=59395, stack(0x000070000b7d3000,0x000070000b8d3000)]
  0x00007fb5fe87b800 JavaThread "DatasetPlotter.executorService pool-4-thread-1" daemon [_thread_blocked, id=73731, stack(0x000070000b8d6000,0x000070000b9d6000)]
=>0x00007fb5fe87c800 JavaThread "BaseCreateLabDeviceConnectivityManager.executorService pool-1-thread-1" daemon [_thread_in_native, id=73475, stack(0x000070000b9d9000,0x000070000bad9000)]

Other Threads:
  0x00007fb5fe01d000 VMThread "VM Thread" [stack: 0x000070000a71a000,0x000070000a81a000] [id=17155]
  0x00007fb5fe806800 WatcherThread [stack: 0x000070000b038000,0x000070000b138000] [id=40963]
  0x00007fb5fd82a000 GCTaskThread "GC Thread#0" [stack: 0x000070000a20b000,0x000070000a30b000] [id=20483]
  0x00007fb5fe200800 GCTaskThread "GC Thread#1" [stack: 0x000070000badc000,0x000070000bbdc000] [id=72715]
  0x00007fb5fe20f000 GCTaskThread "GC Thread#2" [stack: 0x000070000bbdf000,0x000070000bcdf000] [id=61443]
  0x00007fb5fe36d800 GCTaskThread "GC Thread#3" [stack: 0x000070000bce2000,0x000070000bde2000] [id=61699]
  0x00007fb5fd83b000 ConcurrentGCThread "G1 Main Marker" [stack: 0x000070000a30e000,0x000070000a40e000] [id=20227]
  0x00007fb5fd83b800 ConcurrentGCThread "G1 Conc#0" [stack: 0x000070000a411000,0x000070000a511000] [id=19203]
  0x00007fb5ff042000 ConcurrentGCThread "G1 Refine#0" [stack: 0x000070000a514000,0x000070000a614000] [id=18691]
  0x00007fb5fe9a9800 ConcurrentGCThread "G1 Refine#1" [stack: 0x000070000bde5000,0x000070000bee5000] [id=61955]
  0x00007fb5ff042800 ConcurrentGCThread "G1 Young RemSet Sampling" [stack: 0x000070000a617000,0x000070000a717000] [id=18179]

Threads with active compile tasks:

VM state:not at safepoint (normal execution)

VM Mutex/Monitor currently owned by a thread: None

Heap address: 0x0000000780000000, size: 2048 MB, Compressed Oops mode: Zero based, Oop shift amount: 3
Narrow klass base: 0x0000000800000000, Narrow klass shift: 3
Compressed class space size: 1073741824 Address: 0x0000000800ae0000

Heap:
 garbage-first heap   total 133120K, used 5981K [0x0000000780000000, 0x0000000800000000)
  region size 1024K, 3 young (3072K), 1 survivors (1024K)
 Metaspace       used 9678K, capacity 9888K, committed 10240K, reserved 1058816K
  class space    used 1069K, capacity 1179K, committed 1280K, reserved 1048576K
Heap Regions: E=young(eden), S=young(survivor), O=old, HS=humongous(starts), HC=humongous(continues), CS=collection set, F=free, A=archive, TAMS=top-at-mark-start (previous, next)
|   0|0x0000000780000000, 0x0000000780100000, 0x0000000780100000|100%| O|  |TAMS 0x0000000780000000, 0x0000000780000000| Untracked 
|   1|0x0000000780100000, 0x0000000780200000, 0x0000000780200000|100%| O|  |TAMS 0x0000000780100000, 0x0000000780100000| Untracked 
|   2|0x0000000780200000, 0x0000000780300000, 0x0000000780300000|100%| O|  |TAMS 0x0000000780200000, 0x0000000780200000| Untracked 
|   3|0x0000000780300000, 0x00000007803d0000, 0x0000000780400000| 81%| O|  |TAMS 0x0000000780300000, 0x0000000780300000| Untracked 
|   4|0x0000000780400000, 0x0000000780400000, 0x0000000780500000|  0%| F|  |TAMS 0x0000000780400000, 0x0000000780400000| Untracked 
|   5|0x0000000780500000, 0x0000000780500000, 0x0000000780600000|  0%| F|  |TAMS 0x0000000780500000, 0x0000000780500000| Untracked 
|   6|0x0000000780600000, 0x0000000780600000, 0x0000000780700000|  0%| F|  |TAMS 0x0000000780600000, 0x0000000780600000| Untracked 
|   7|0x0000000780700000, 0x0000000780700000, 0x0000000780800000|  0%| F|  |TAMS 0x0000000780700000, 0x0000000780700000| Untracked 
|   8|0x0000000780800000, 0x0000000780800000, 0x0000000780900000|  0%| F|  |TAMS 0x0000000780800000, 0x0000000780800000| Untracked 
|   9|0x0000000780900000, 0x0000000780900000, 0x0000000780a00000|  0%| F|  |TAMS 0x0000000780900000, 0x0000000780900000| Untracked 
|  10|0x0000000780a00000, 0x0000000780a00000, 0x0000000780b00000|  0%| F|  |TAMS 0x0000000780a00000, 0x0000000780a00000| Untracked 
|  11|0x0000000780b00000, 0x0000000780b00000, 0x0000000780c00000|  0%| F|  |TAMS 0x0000000780b00000, 0x0000000780b00000| Untracked 
|  12|0x0000000780c00000, 0x0000000780c00000, 0x0000000780d00000|  0%| F|  |TAMS 0x0000000780c00000, 0x0000000780c00000| Untracked 
|  13|0x0000000780d00000, 0x0000000780d00000, 0x0000000780e00000|  0%| F|  |TAMS 0x0000000780d00000, 0x0000000780d00000| Untracked 
|  14|0x0000000780e00000, 0x0000000780e00000, 0x0000000780f00000|  0%| F|  |TAMS 0x0000000780e00000, 0x0000000780e00000| Untracked 
|  15|0x0000000780f00000, 0x0000000780f00000, 0x0000000781000000|  0%| F|  |TAMS 0x0000000780f00000, 0x0000000780f00000| Untracked 
|  16|0x0000000781000000, 0x0000000781000000, 0x0000000781100000|  0%| F|  |TAMS 0x0000000781000000, 0x0000000781000000| Untracked 
|  17|0x0000000781100000, 0x0000000781100000, 0x0000000781200000|  0%| F|  |TAMS 0x0000000781100000, 0x0000000781100000| Untracked 
|  18|0x0000000781200000, 0x0000000781200000, 0x0000000781300000|  0%| F|  |TAMS 0x0000000781200000, 0x0000000781200000| Untracked 
|  19|0x0000000781300000, 0x0000000781300000, 0x0000000781400000|  0%| F|  |TAMS 0x0000000781300000, 0x0000000781300000| Untracked 
|  20|0x0000000781400000, 0x0000000781400000, 0x0000000781500000|  0%| F|  |TAMS 0x0000000781400000, 0x0000000781400000| Untracked 
|  21|0x0000000781500000, 0x0000000781500000, 0x0000000781600000|  0%| F|  |TAMS 0x0000000781500000, 0x0000000781500000| Untracked 
|  22|0x0000000781600000, 0x0000000781600000, 0x0000000781700000|  0%| F|  |TAMS 0x0000000781600000, 0x0000000781600000| Untracked 
|  23|0x0000000781700000, 0x0000000781700000, 0x0000000781800000|  0%| F|  |TAMS 0x0000000781700000, 0x0000000781700000| Untracked 
|  24|0x0000000781800000, 0x0000000781800000, 0x0000000781900000|  0%| F|  |TAMS 0x0000000781800000, 0x0000000781800000| Untracked 
|  25|0x0000000781900000, 0x0000000781900000, 0x0000000781a00000|  0%| F|  |TAMS 0x0000000781900000, 0x0000000781900000| Untracked 
|  26|0x0000000781a00000, 0x0000000781a00000, 0x0000000781b00000|  0%| F|  |TAMS 0x0000000781a00000, 0x0000000781a00000| Untracked 
|  27|0x0000000781b00000, 0x0000000781b00000, 0x0000000781c00000|  0%| F|  |TAMS 0x0000000781b00000, 0x0000000781b00000| Untracked 
|  28|0x0000000781c00000, 0x0000000781c00000, 0x0000000781d00000|  0%| F|  |TAMS 0x0000000781c00000, 0x0000000781c00000| Untracked 
|  29|0x0000000781d00000, 0x0000000781d00000, 0x0000000781e00000|  0%| F|  |TAMS 0x0000000781d00000, 0x0000000781d00000| Untracked 
|  30|0x0000000781e00000, 0x0000000781e00000, 0x0000000781f00000|  0%| F|  |TAMS 0x0000000781e00000, 0x0000000781e00000| Untracked 
|  31|0x0000000781f00000, 0x0000000781f00000, 0x0000000782000000|  0%| F|  |TAMS 0x0000000781f00000, 0x0000000781f00000| Untracked 
|  32|0x0000000782000000, 0x0000000782000000, 0x0000000782100000|  0%| F|  |TAMS 0x0000000782000000, 0x0000000782000000| Untracked 
|  33|0x0000000782100000, 0x0000000782100000, 0x0000000782200000|  0%| F|  |TAMS 0x0000000782100000, 0x0000000782100000| Untracked 
|  34|0x0000000782200000, 0x0000000782200000, 0x0000000782300000|  0%| F|  |TAMS 0x0000000782200000, 0x0000000782200000| Untracked 
|  35|0x0000000782300000, 0x0000000782300000, 0x0000000782400000|  0%| F|  |TAMS 0x0000000782300000, 0x0000000782300000| Untracked 
|  36|0x0000000782400000, 0x0000000782400000, 0x0000000782500000|  0%| F|  |TAMS 0x0000000782400000, 0x0000000782400000| Untracked 
|  37|0x0000000782500000, 0x0000000782500000, 0x0000000782600000|  0%| F|  |TAMS 0x0000000782500000, 0x0000000782500000| Untracked 
|  38|0x0000000782600000, 0x0000000782600000, 0x0000000782700000|  0%| F|  |TAMS 0x0000000782600000, 0x0000000782600000| Untracked 
|  39|0x0000000782700000, 0x0000000782700000, 0x0000000782800000|  0%| F|  |TAMS 0x0000000782700000, 0x0000000782700000| Untracked 
|  40|0x0000000782800000, 0x0000000782800000, 0x0000000782900000|  0%| F|  |TAMS 0x0000000782800000, 0x0000000782800000| Untracked 
|  41|0x0000000782900000, 0x0000000782900000, 0x0000000782a00000|  0%| F|  |TAMS 0x0000000782900000, 0x0000000782900000| Untracked 
|  42|0x0000000782a00000, 0x0000000782a00000, 0x0000000782b00000|  0%| F|  |TAMS 0x0000000782a00000, 0x0000000782a00000| Untracked 
|  43|0x0000000782b00000, 0x0000000782b00000, 0x0000000782c00000|  0%| F|  |TAMS 0x0000000782b00000, 0x0000000782b00000| Untracked 
|  44|0x0000000782c00000, 0x0000000782c00000, 0x0000000782d00000|  0%| F|  |TAMS 0x0000000782c00000, 0x0000000782c00000| Untracked 
|  45|0x0000000782d00000, 0x0000000782d00000, 0x0000000782e00000|  0%| F|  |TAMS 0x0000000782d00000, 0x0000000782d00000| Untracked 
|  46|0x0000000782e00000, 0x0000000782e00000, 0x0000000782f00000|  0%| F|  |TAMS 0x0000000782e00000, 0x0000000782e00000| Untracked 
|  47|0x0000000782f00000, 0x0000000782f00000, 0x0000000783000000|  0%| F|  |TAMS 0x0000000782f00000, 0x0000000782f00000| Untracked 
|  48|0x0000000783000000, 0x0000000783000000, 0x0000000783100000|  0%| F|  |TAMS 0x0000000783000000, 0x0000000783000000| Untracked 
|  49|0x0000000783100000, 0x0000000783100000, 0x0000000783200000|  0%| F|  |TAMS 0x0000000783100000, 0x0000000783100000| Untracked 
|  50|0x0000000783200000, 0x0000000783200000, 0x0000000783300000|  0%| F|  |TAMS 0x0000000783200000, 0x0000000783200000| Untracked 
|  51|0x0000000783300000, 0x0000000783300000, 0x0000000783400000|  0%| F|  |TAMS 0x0000000783300000, 0x0000000783300000| Untracked 
|  52|0x0000000783400000, 0x0000000783400000, 0x0000000783500000|  0%| F|  |TAMS 0x0000000783400000, 0x0000000783400000| Untracked 
|  53|0x0000000783500000, 0x0000000783500000, 0x0000000783600000|  0%| F|  |TAMS 0x0000000783500000, 0x0000000783500000| Untracked 
|  54|0x0000000783600000, 0x0000000783600000, 0x0000000783700000|  0%| F|  |TAMS 0x0000000783600000, 0x0000000783600000| Untracked 
|  55|0x0000000783700000, 0x0000000783700000, 0x0000000783800000|  0%| F|  |TAMS 0x0000000783700000, 0x0000000783700000| Untracked 
|  56|0x0000000783800000, 0x0000000783800000, 0x0000000783900000|  0%| F|  |TAMS 0x0000000783800000, 0x0000000783800000| Untracked 
|  57|0x0000000783900000, 0x0000000783900000, 0x0000000783a00000|  0%| F|  |TAMS 0x0000000783900000, 0x0000000783900000| Untracked 
|  58|0x0000000783a00000, 0x0000000783a00000, 0x0000000783b00000|  0%| F|  |TAMS 0x0000000783a00000, 0x0000000783a00000| Untracked 
|  59|0x0000000783b00000, 0x0000000783b00000, 0x0000000783c00000|  0%| F|  |TAMS 0x0000000783b00000, 0x0000000783b00000| Untracked 
|  60|0x0000000783c00000, 0x0000000783c00000, 0x0000000783d00000|  0%| F|  |TAMS 0x0000000783c00000, 0x0000000783c00000| Untracked 
|  61|0x0000000783d00000, 0x0000000783d00000, 0x0000000783e00000|  0%| F|  |TAMS 0x0000000783d00000, 0x0000000783d00000| Untracked 
|  62|0x0000000783e00000, 0x0000000783e00000, 0x0000000783f00000|  0%| F|  |TAMS 0x0000000783e00000, 0x0000000783e00000| Untracked 
|  63|0x0000000783f00000, 0x0000000783f00000, 0x0000000784000000|  0%| F|  |TAMS 0x0000000783f00000, 0x0000000783f00000| Untracked 
|  64|0x0000000784000000, 0x0000000784000000, 0x0000000784100000|  0%| F|  |TAMS 0x0000000784000000, 0x0000000784000000| Untracked 
|  65|0x0000000784100000, 0x0000000784100000, 0x0000000784200000|  0%| F|  |TAMS 0x0000000784100000, 0x0000000784100000| Untracked 
|  66|0x0000000784200000, 0x0000000784200000, 0x0000000784300000|  0%| F|  |TAMS 0x0000000784200000, 0x0000000784200000| Untracked 
|  67|0x0000000784300000, 0x0000000784300000, 0x0000000784400000|  0%| F|  |TAMS 0x0000000784300000, 0x0000000784300000| Untracked 
|  68|0x0000000784400000, 0x0000000784400000, 0x0000000784500000|  0%| F|  |TAMS 0x0000000784400000, 0x0000000784400000| Untracked 
|  69|0x0000000784500000, 0x0000000784500000, 0x0000000784600000|  0%| F|  |TAMS 0x0000000784500000, 0x0000000784500000| Untracked 
|  70|0x0000000784600000, 0x0000000784600000, 0x0000000784700000|  0%| F|  |TAMS 0x0000000784600000, 0x0000000784600000| Untracked 
|  71|0x0000000784700000, 0x0000000784700000, 0x0000000784800000|  0%| F|  |TAMS 0x0000000784700000, 0x0000000784700000| Untracked 
|  72|0x0000000784800000, 0x0000000784800000, 0x0000000784900000|  0%| F|  |TAMS 0x0000000784800000, 0x0000000784800000| Untracked 
|  73|0x0000000784900000, 0x0000000784900000, 0x0000000784a00000|  0%| F|  |TAMS 0x0000000784900000, 0x0000000784900000| Untracked 
|  74|0x0000000784a00000, 0x0000000784a00000, 0x0000000784b00000|  0%| F|  |TAMS 0x0000000784a00000, 0x0000000784a00000| Untracked 
|  75|0x0000000784b00000, 0x0000000784b00000, 0x0000000784c00000|  0%| F|  |TAMS 0x0000000784b00000, 0x0000000784b00000| Untracked 
|  76|0x0000000784c00000, 0x0000000784c00000, 0x0000000784d00000|  0%| F|  |TAMS 0x0000000784c00000, 0x0000000784c00000| Untracked 
|  77|0x0000000784d00000, 0x0000000784d00000, 0x0000000784e00000|  0%| F|  |TAMS 0x0000000784d00000, 0x0000000784d00000| Untracked 
|  78|0x0000000784e00000, 0x0000000784e00000, 0x0000000784f00000|  0%| F|  |TAMS 0x0000000784e00000, 0x0000000784e00000| Untracked 
|  79|0x0000000784f00000, 0x0000000784f00000, 0x0000000785000000|  0%| F|  |TAMS 0x0000000784f00000, 0x0000000784f00000| Untracked 
|  80|0x0000000785000000, 0x0000000785000000, 0x0000000785100000|  0%| F|  |TAMS 0x0000000785000000, 0x0000000785000000| Untracked 
|  81|0x0000000785100000, 0x0000000785100000, 0x0000000785200000|  0%| F|  |TAMS 0x0000000785100000, 0x0000000785100000| Untracked 
|  82|0x0000000785200000, 0x0000000785200000, 0x0000000785300000|  0%| F|  |TAMS 0x0000000785200000, 0x0000000785200000| Untracked 
|  83|0x0000000785300000, 0x0000000785300000, 0x0000000785400000|  0%| F|  |TAMS 0x0000000785300000, 0x0000000785300000| Untracked 
|  84|0x0000000785400000, 0x0000000785400000, 0x0000000785500000|  0%| F|  |TAMS 0x0000000785400000, 0x0000000785400000| Untracked 
|  85|0x0000000785500000, 0x0000000785500000, 0x0000000785600000|  0%| F|  |TAMS 0x0000000785500000, 0x0000000785500000| Untracked 
|  86|0x0000000785600000, 0x0000000785600000, 0x0000000785700000|  0%| F|  |TAMS 0x0000000785600000, 0x0000000785600000| Untracked 
|  87|0x0000000785700000, 0x0000000785700000, 0x0000000785800000|  0%| F|  |TAMS 0x0000000785700000, 0x0000000785700000| Untracked 
|  88|0x0000000785800000, 0x0000000785800000, 0x0000000785900000|  0%| F|  |TAMS 0x0000000785800000, 0x0000000785800000| Untracked 
|  89|0x0000000785900000, 0x0000000785900000, 0x0000000785a00000|  0%| F|  |TAMS 0x0000000785900000, 0x0000000785900000| Untracked 
|  90|0x0000000785a00000, 0x0000000785a00000, 0x0000000785b00000|  0%| F|  |TAMS 0x0000000785a00000, 0x0000000785a00000| Untracked 
|  91|0x0000000785b00000, 0x0000000785b00000, 0x0000000785c00000|  0%| F|  |TAMS 0x0000000785b00000, 0x0000000785b00000| Untracked 
|  92|0x0000000785c00000, 0x0000000785c00000, 0x0000000785d00000|  0%| F|  |TAMS 0x0000000785c00000, 0x0000000785c00000| Untracked 
|  93|0x0000000785d00000, 0x0000000785d00000, 0x0000000785e00000|  0%| F|  |TAMS 0x0000000785d00000, 0x0000000785d00000| Untracked 
|  94|0x0000000785e00000, 0x0000000785e00000, 0x0000000785f00000|  0%| F|  |TAMS 0x0000000785e00000, 0x0000000785e00000| Untracked 
|  95|0x0000000785f00000, 0x0000000785f00000, 0x0000000786000000|  0%| F|  |TAMS 0x0000000785f00000, 0x0000000785f00000| Untracked 
|  96|0x0000000786000000, 0x0000000786000000, 0x0000000786100000|  0%| F|  |TAMS 0x0000000786000000, 0x0000000786000000| Untracked 
|  97|0x0000000786100000, 0x0000000786100000, 0x0000000786200000|  0%| F|  |TAMS 0x0000000786100000, 0x0000000786100000| Untracked 
|  98|0x0000000786200000, 0x0000000786200000, 0x0000000786300000|  0%| F|  |TAMS 0x0000000786200000, 0x0000000786200000| Untracked 
|  99|0x0000000786300000, 0x0000000786300000, 0x0000000786400000|  0%| F|  |TAMS 0x0000000786300000, 0x0000000786300000| Untracked 
| 100|0x0000000786400000, 0x0000000786400000, 0x0000000786500000|  0%| F|  |TAMS 0x0000000786400000, 0x0000000786400000| Untracked 
| 101|0x0000000786500000, 0x0000000786500000, 0x0000000786600000|  0%| F|  |TAMS 0x0000000786500000, 0x0000000786500000| Untracked 
| 102|0x0000000786600000, 0x0000000786600000, 0x0000000786700000|  0%| F|  |TAMS 0x0000000786600000, 0x0000000786600000| Untracked 
| 103|0x0000000786700000, 0x0000000786700000, 0x0000000786800000|  0%| F|  |TAMS 0x0000000786700000, 0x0000000786700000| Untracked 
| 104|0x0000000786800000, 0x0000000786800000, 0x0000000786900000|  0%| F|  |TAMS 0x0000000786800000, 0x0000000786800000| Untracked 
| 105|0x0000000786900000, 0x0000000786900000, 0x0000000786a00000|  0%| F|  |TAMS 0x0000000786900000, 0x0000000786900000| Untracked 
| 106|0x0000000786a00000, 0x0000000786a00000, 0x0000000786b00000|  0%| F|  |TAMS 0x0000000786a00000, 0x0000000786a00000| Untracked 
| 107|0x0000000786b00000, 0x0000000786b00000, 0x0000000786c00000|  0%| F|  |TAMS 0x0000000786b00000, 0x0000000786b00000| Untracked 
| 108|0x0000000786c00000, 0x0000000786c00000, 0x0000000786d00000|  0%| F|  |TAMS 0x0000000786c00000, 0x0000000786c00000| Untracked 
| 109|0x0000000786d00000, 0x0000000786d00000, 0x0000000786e00000|  0%| F|  |TAMS 0x0000000786d00000, 0x0000000786d00000| Untracked 
| 110|0x0000000786e00000, 0x0000000786e00000, 0x0000000786f00000|  0%| F|  |TAMS 0x0000000786e00000, 0x0000000786e00000| Untracked 
| 111|0x0000000786f00000, 0x0000000786f00000, 0x0000000787000000|  0%| F|  |TAMS 0x0000000786f00000, 0x0000000786f00000| Untracked 
| 112|0x0000000787000000, 0x0000000787000000, 0x0000000787100000|  0%| F|  |TAMS 0x0000000787000000, 0x0000000787000000| Untracked 
| 113|0x0000000787100000, 0x0000000787100000, 0x0000000787200000|  0%| F|  |TAMS 0x0000000787100000, 0x0000000787100000| Untracked 
| 114|0x0000000787200000, 0x0000000787200000, 0x0000000787300000|  0%| F|  |TAMS 0x0000000787200000, 0x0000000787200000| Untracked 
| 115|0x0000000787300000, 0x0000000787300000, 0x0000000787400000|  0%| F|  |TAMS 0x0000000787300000, 0x0000000787300000| Untracked 
| 116|0x0000000787400000, 0x0000000787400000, 0x0000000787500000|  0%| F|  |TAMS 0x0000000787400000, 0x0000000787400000| Untracked 
| 117|0x0000000787500000, 0x0000000787500000, 0x0000000787600000|  0%| F|  |TAMS 0x0000000787500000, 0x0000000787500000| Untracked 
| 118|0x0000000787600000, 0x0000000787600000, 0x0000000787700000|  0%| F|  |TAMS 0x0000000787600000, 0x0000000787600000| Untracked 
| 119|0x0000000787700000, 0x0000000787700000, 0x0000000787800000|  0%| F|  |TAMS 0x0000000787700000, 0x0000000787700000| Untracked 
| 120|0x0000000787800000, 0x0000000787800000, 0x0000000787900000|  0%| F|  |TAMS 0x0000000787800000, 0x0000000787800000| Untracked 
| 121|0x0000000787900000, 0x0000000787900000, 0x0000000787a00000|  0%| F|  |TAMS 0x0000000787900000, 0x0000000787900000| Untracked 
| 122|0x0000000787a00000, 0x0000000787a00000, 0x0000000787b00000|  0%| F|  |TAMS 0x0000000787a00000, 0x0000000787a00000| Untracked 
| 123|0x0000000787b00000, 0x0000000787b49488, 0x0000000787c00000| 28%| S|CS|TAMS 0x0000000787b00000, 0x0000000787b00000| Complete 
| 124|0x0000000787c00000, 0x0000000787c00000, 0x0000000787d00000|  0%| F|  |TAMS 0x0000000787c00000, 0x0000000787c00000| Untracked 
| 125|0x0000000787d00000, 0x0000000787d00000, 0x0000000787e00000|  0%| F|  |TAMS 0x0000000787d00000, 0x0000000787d00000| Untracked 
| 126|0x0000000787e00000, 0x0000000787e9ea78, 0x0000000787f00000| 61%| E|  |TAMS 0x0000000787e00000, 0x0000000787e00000| Complete 
| 127|0x0000000787f00000, 0x0000000788000000, 0x0000000788000000|100%| E|CS|TAMS 0x0000000787f00000, 0x0000000787f00000| Complete 
|1022|0x00000007bfe00000, 0x00000007bfe47000, 0x00000007bff00000| 27%|OA|  |TAMS 0x00000007bfe00000, 0x00000007bfe00000| Untracked 
|1023|0x00000007bff00000, 0x00000007bff77000, 0x00000007c0000000| 46%|CA|  |TAMS 0x00000007bff00000, 0x00000007bff00000| Untracked 

Card table byte_map: [0x0000000121e76000,0x0000000122276000] _byte_map_base: 0x000000011e276000

Marking Bits (Prev, Next): (CMBitMap*) 0x00007fb5fd82a618, (CMBitMap*) 0x00007fb5fd82a658
 Prev Bits: [0x0000000122676000, 0x0000000124676000)
 Next Bits: [0x0000000124676000, 0x0000000126676000)

Polling page: 0x00000001087f9000

Metaspace:

Usage:
  Non-class:      8.50 MB capacity,     8.41 MB ( 99%) used,    80.48 KB ( <1%) free+waste,    19.50 KB ( <1%) overhead. 
      Class:      1.15 MB capacity,     1.04 MB ( 91%) used,    96.85 KB (  8%) free+waste,    12.38 KB (  1%) overhead. 
       Both:      9.66 MB capacity,     9.45 MB ( 98%) used,   177.33 KB (  2%) free+waste,    31.88 KB ( <1%) overhead. 

Virtual space:
  Non-class space:       10.00 MB reserved,       8.75 MB ( 88%) committed 
      Class space:        1.00 GB reserved,       1.25 MB ( <1%) committed 
             Both:        1.01 GB reserved,      10.00 MB ( <1%) committed 

Chunk freelists:
   Non-Class:  99.00 KB
       Class:  5.00 KB
        Both:  104.00 KB

MaxMetaspaceSize: unlimited
CompressedClassSpaceSize: 1.00 GB

CodeHeap 'non-profiled nmethods': size=120032Kb used=386Kb max_used=386Kb free=119645Kb
 bounds [0x000000011a53e000, 0x000000011a7ae000, 0x0000000121a76000]
CodeHeap 'profiled nmethods': size=120028Kb used=2111Kb max_used=2111Kb free=117916Kb
 bounds [0x0000000113007000, 0x0000000113277000, 0x000000011a53e000]
CodeHeap 'non-nmethods': size=5700Kb used=1256Kb max_used=1283Kb free=4443Kb
 bounds [0x0000000112a76000, 0x0000000112ce6000, 0x0000000113007000]
 total_blobs=1889 nmethods=1127 adapters=442
 compilation: enabled
              stopped_count=0, restarted_count=0
 full_count=0

Compilation events (20 events):
Event: 2.943 Thread 0x00007fb5ff050000 1130       3       java.util.jar.Attributes::getValue (9 bytes)
Event: 2.943 Thread 0x00007fb5ff050000 nmethod 1130 0x0000000113211710 code [0x00000001132118c0, 0x0000000113211c68]
Event: 2.943 Thread 0x00007fb5ff050000 1131       3       java.util.jar.Attributes::get (11 bytes)
Event: 2.944 Thread 0x00007fb5ff050000 nmethod 1131 0x0000000113211d90 code [0x0000000113211f40, 0x0000000113212188]
Event: 2.944 Thread 0x00007fb5ff050000 1132       3       java.lang.String::equalsIgnoreCase (45 bytes)
Event: 2.944 Thread 0x00007fb5ff050000 nmethod 1132 0x0000000113212290 code [0x0000000113212480, 0x0000000113212a48]
Event: 2.944 Thread 0x00007fb5ff050000 1135       3       java.util.WeakHashMap::remove (133 bytes)
Event: 2.945 Thread 0x00007fb5ff050000 nmethod 1135 0x0000000113212c10 code [0x0000000113212e40, 0x00000001132139e8]
Event: 2.945 Thread 0x00007fb5ff050000 1133   !   3       java.util.zip.ZipFile$ZipFileInputStream::close (59 bytes)
Event: 2.945 Thread 0x00007fb5ff050000 nmethod 1133 0x0000000113213e10 code [0x0000000113213fc0, 0x0000000113214488]
Event: 2.945 Thread 0x00007fb5ff050000 1134       3       java.util.Collections$SetFromMap::remove (19 bytes)
Event: 2.945 Thread 0x00007fb5ff050000 nmethod 1134 0x0000000113214690 code [0x0000000113214840, 0x0000000113214ae8]
Event: 2.946 Thread 0x00007fb5ff050000 1137       3       java.lang.reflect.ProxyGenerator$ConstantPool::getMethodRef (33 bytes)
Event: 2.947 Thread 0x00007fb5ff050000 nmethod 1137 0x0000000113214b90 code [0x0000000113214e40, 0x0000000113215ba8]
Event: 2.947 Thread 0x00007fb5ff050000 1138  s    3       java.io.DataOutputStream::write (16 bytes)
Event: 2.948 Thread 0x00007fb5ff050000 nmethod 1138 0x0000000113216110 code [0x00000001132162c0, 0x0000000113216768]
Event: 2.948 Thread 0x00007fb5ff050000 1139  s    3       java.lang.StringBuffer::append (13 bytes)
Event: 2.948 Thread 0x00007fb5ff050000 nmethod 1139 0x0000000113216890 code [0x0000000113216a40, 0x0000000113216dc8]
Event: 2.953 Thread 0x00007fb5fd85a000 nmethod 1099% 0x000000011a59b190 code [0x000000011a59b320, 0x000000011a59bfd8]
Event: 2.953 Thread 0x00007fb5fd85a000 1136       4       java.util.HashMap::putVal (300 bytes)

GC Heap History (4 events):
Event: 1.679 GC heap before
{Heap before GC invocations=0 (full 0):
 garbage-first heap   total 133120K, used 14072K [0x0000000780000000, 0x0000000800000000)
  region size 1024K, 14 young (14336K), 0 survivors (0K)
 Metaspace       used 8917K, capacity 9167K, committed 9344K, reserved 1056768K
  class space    used 1000K, capacity 1109K, committed 1152K, reserved 1048576K
}
Event: 1.693 GC heap after
{Heap after GC invocations=1 (full 0):
 garbage-first heap   total 133120K, used 4478K [0x0000000780000000, 0x0000000800000000)
  region size 1024K, 2 young (2048K), 2 survivors (2048K)
 Metaspace       used 8917K, capacity 9167K, committed 9344K, reserved 1056768K
  class space    used 1000K, capacity 1109K, committed 1152K, reserved 1048576K
}
Event: 2.690 GC heap before
{Heap before GC invocations=1 (full 0):
 garbage-first heap   total 133120K, used 8574K [0x0000000780000000, 0x0000000800000000)
  region size 1024K, 6 young (6144K), 2 survivors (2048K)
 Metaspace       used 9472K, capacity 9743K, committed 9984K, reserved 1058816K
  class space    used 1045K, capacity 1173K, committed 1280K, reserved 1048576K
}
Event: 2.698 GC heap after
{Heap after GC invocations=2 (full 0):
 garbage-first heap   total 133120K, used 4957K [0x0000000780000000, 0x0000000800000000)
  region size 1024K, 1 young (1024K), 1 survivors (1024K)
 Metaspace       used 9472K, capacity 9743K, committed 9984K, reserved 1058816K
  class space    used 1045K, capacity 1173K, committed 1280K, reserved 1048576K
}

Deoptimization events (20 events):
Event: 2.557 Thread 0x00007fb5fe87c800 DEOPT PACKING pc=0x000000011a591714 sp=0x000070000bad7a30
Event: 2.557 Thread 0x00007fb5fe87c800 DEOPT UNPACKING pc=0x0000000112abee25 sp=0x000070000bad7a10 mode 2
Event: 2.672 Thread 0x00007fb5fe87c800 DEOPT PACKING pc=0x00000001131d651e sp=0x000070000bad7bc0
Event: 2.672 Thread 0x00007fb5fe87c800 DEOPT UNPACKING pc=0x0000000112abf33a sp=0x000070000bad7080 mode 0
Event: 2.922 Thread 0x00007fb5fe87c800 DEOPT PACKING pc=0x0000000113185902 sp=0x000070000bad6eb0
Event: 2.922 Thread 0x00007fb5fe87c800 DEOPT UNPACKING pc=0x0000000112abf33a sp=0x000070000bad6348 mode 0
Event: 2.931 Thread 0x00007fb5fe87c800 Uncommon trap: trap_request=0xffffff45 fr.pc=0x000000011a56ad70 relative=0x0000000000000430
Event: 2.931 Thread 0x00007fb5fe87c800 Uncommon trap: reason=unstable_if action=reinterpret pc=0x000000011a56ad70 method=java.lang.StringLatin1.replace([BCC)Ljava/lang/String; @ 19 c2
Event: 2.931 Thread 0x00007fb5fe87c800 DEOPT PACKING pc=0x000000011a56ad70 sp=0x000070000bad7680
Event: 2.931 Thread 0x00007fb5fe87c800 DEOPT UNPACKING pc=0x0000000112abee25 sp=0x000070000bad7620 mode 2
Event: 2.932 Thread 0x00007fb5fe87c800 Uncommon trap: trap_request=0xffffff45 fr.pc=0x000000011a59276c relative=0x00000000000001cc
Event: 2.932 Thread 0x00007fb5fe87c800 Uncommon trap: reason=unstable_if action=reinterpret pc=0x000000011a59276c method=java.util.HashMap.getNode(ILjava/lang/Object;)Ljava/util/HashMap$Node; @ 129 c2
Event: 2.932 Thread 0x00007fb5fe87c800 DEOPT PACKING pc=0x000000011a59276c sp=0x000070000bad7610
Event: 2.932 Thread 0x00007fb5fe87c800 DEOPT UNPACKING pc=0x0000000112abee25 sp=0x000070000bad7530 mode 2
Event: 2.932 Thread 0x00007fb5fe87c800 Uncommon trap: trap_request=0xffffff45 fr.pc=0x000000011a56df10 relative=0x0000000000000170
Event: 2.932 Thread 0x00007fb5fe87c800 Uncommon trap: reason=unstable_if action=reinterpret pc=0x000000011a56df10 method=java.util.HashMap.getNode(ILjava/lang/Object;)Ljava/util/HashMap$Node; @ 129 c2
Event: 2.932 Thread 0x00007fb5fe87c800 DEOPT PACKING pc=0x000000011a56df10 sp=0x000070000bad7550
Event: 2.932 Thread 0x00007fb5fe87c800 DEOPT UNPACKING pc=0x0000000112abee25 sp=0x000070000bad74f8 mode 2
Event: 2.938 Thread 0x00007fb5fe87c800 DEOPT PACKING pc=0x0000000113185865 sp=0x000070000bad1ce0
Event: 2.938 Thread 0x00007fb5fe87c800 DEOPT UNPACKING pc=0x0000000112abf33a sp=0x000070000bad1178 mode 0

Classes unloaded (0 events):
No events

Classes redefined (0 events):
No events

Internal exceptions (20 events):
Event: 0.438 Thread 0x00007fb5fd800000 Exception <a 'java/lang/ClassNotFoundException'{0x0000000787cc2660}: org/apache/log4j/LayoutCustomizer> (0x0000000787cc2660) 
thrown [/scratch/mesos/slaves/d65fa3d4-10de-46aa-a2db-52cc9981537a-S157/frameworks/1735e8a2-a1db-478c-8104-60c8b0af87dd-0196/executors/cd04c109-7866-4c89-a9cb-580d1b4b0057/runs/bdf96710-70fa-465f-a6db-19a171d6559f/workspace/open/src/hotspot/share/classfile/systemDictionary.cpp, line 232]
Event: 0.440 Thread 0x00007fb5fd800000 Exception <a 'java/lang/ClassNotFoundException'{0x0000000787cc8d58}: org/apache/log4j/PatternLayoutCustomizer> (0x0000000787cc8d58) 
thrown [/scratch/mesos/slaves/d65fa3d4-10de-46aa-a2db-52cc9981537a-S157/frameworks/1735e8a2-a1db-478c-8104-60c8b0af87dd-0196/executors/cd04c109-7866-4c89-a9cb-580d1b4b0057/runs/bdf96710-70fa-465f-a6db-19a171d6559f/workspace/open/src/hotspot/share/classfile/systemDictionary.cpp, line 232]
Event: 0.553 Thread 0x00007fb5fd800000 Exception <a 'java/lang/ClassNotFoundException'{0x0000000787a018d0}: sun/awt/resources/spi/awtProvider> (0x0000000787a018d0) 
thrown [/scratch/mesos/slaves/d65fa3d4-10de-46aa-a2db-52cc9981537a-S157/frameworks/1735e8a2-a1db-478c-8104-60c8b0af87dd-0196/executors/cd04c109-7866-4c89-a9cb-580d1b4b0057/runs/bdf96710-70fa-465f-a6db-19a171d6559f/workspace/open/src/hotspot/share/classfile/systemDictionary.cpp, line 232]
Event: 0.592 Thread 0x00007fb5fd800000 Exception <a 'java/io/FileNotFoundException'{0x0000000787a2d8a8}> (0x0000000787a2d8a8) 
thrown [/scratch/mesos/slaves/d65fa3d4-10de-46aa-a2db-52cc9981537a-S157/frameworks/1735e8a2-a1db-478c-8104-60c8b0af87dd-0196/executors/cd04c109-7866-4c89-a9cb-580d1b4b0057/runs/bdf96710-70fa-465f-a6db-19a171d6559f/workspace/open/src/hotspot/share/prims/jni.cpp, line 598]
Event: 0.592 Thread 0x00007fb5fd800000 Exception <a 'java/io/FileNotFoundException'{0x0000000787a2f1e0}> (0x0000000787a2f1e0) 
thrown [/scratch/mesos/slaves/d65fa3d4-10de-46aa-a2db-52cc9981537a-S157/frameworks/1735e8a2-a1db-478c-8104-60c8b0af87dd-0196/executors/cd04c109-7866-4c89-a9cb-580d1b4b0057/runs/bdf96710-70fa-465f-a6db-19a171d6559f/workspace/open/src/hotspot/share/prims/jni.cpp, line 598]
Event: 0.650 Thread 0x00007fb5fd800000 Exception <a 'java/lang/ClassNotFoundException'{0x0000000787a78518}: sun/awt/resources/spi/awtosxProvider> (0x0000000787a78518) 
thrown [/scratch/mesos/slaves/d65fa3d4-10de-46aa-a2db-52cc9981537a-S157/frameworks/1735e8a2-a1db-478c-8104-60c8b0af87dd-0196/executors/cd04c109-7866-4c89-a9cb-580d1b4b0057/runs/bdf96710-70fa-465f-a6db-19a171d6559f/workspace/open/src/hotspot/share/classfile/systemDictionary.cpp, line 232]
Event: 1.134 Thread 0x00007fb5fd800000 Exception <a 'java/lang/NoSuchMethodError'{0x0000000787ad8de8}: 'void java.lang.invoke.DirectMethodHandle$Holder.invokeStaticInit(java.lang.Object)'> (0x0000000787ad8de8) 
thrown [/scratch/mesos/slaves/d65fa3d4-10de-46aa-a2db-52cc9981537a-S157/frameworks/1735e8a2-a1db-478c-8104-60c8b0af87dd-0196/executors/cd04c109-7866-4c89-a9cb-580d1b4b0057/runs/bdf96710-70fa-465f-a6db-19a171d6559f/workspace/open/src/hotspot/share/interpreter/linkResolver.cpp, line 767]
Event: 1.146 Thread 0x00007fb5fd800000 Exception <a 'java/lang/NoSuchMethodError'{0x0000000787afe5b8}: 'java.lang.Object java.lang.invoke.DirectMethodHandle$Holder.invokeStatic(java.lang.Object, int, java.lang.Object, java.lang.Object, java.lang.Object, java.lang.Object)'> (0x0000000787afe5b8) 
thrown [/scratch/mesos/slaves/d65fa3d4-10de-46aa-a2db-52cc9981537a-S157/frameworks/1735e8a2-a1db-478c-8104-60c8b0af87dd-0196/executors/cd04c109-7866-4c89-a9cb-580d1b4b0057/runs/bdf96710-70fa-465f-a6db-19a171d6559f/workspace/open/src/hotspot/share/interpr
Event: 1.146 Thread 0x00007fb5fd800000 Exception <a 'java/lang/NoSuchMethodError'{0x00000007879053b0}: 'java.lang.Object java.lang.invoke.DirectMethodHandle$Holder.invokeStatic(java.lang.Object, int, java.lang.Object, java.lang.Object, java.lang.Object)'> (0x00000007879053b0) 
thrown [/scratch/mesos/slaves/d65fa3d4-10de-46aa-a2db-52cc9981537a-S157/frameworks/1735e8a2-a1db-478c-8104-60c8b0af87dd-0196/executors/cd04c109-7866-4c89-a9cb-580d1b4b0057/runs/bdf96710-70fa-465f-a6db-19a171d6559f/workspace/open/src/hotspot/share/interpreter/linkResolver.
Event: 1.147 Thread 0x00007fb5fd800000 Exception <a 'java/lang/NoSuchMethodError'{0x0000000787908c18}: 'java.lang.Object java.lang.invoke.DirectMethodHandle$Holder.invokeSpecial(java.lang.Object, java.lang.Object, int, java.lang.Object, java.lang.Object, java.lang.Object)'> (0x0000000787908c18) 
thrown [/scratch/mesos/slaves/d65fa3d4-10de-46aa-a2db-52cc9981537a-S157/frameworks/1735e8a2-a1db-478c-8104-60c8b0af87dd-0196/executors/cd04c109-7866-4c89-a9cb-580d1b4b0057/runs/bdf96710-70fa-465f-a6db-19a171d6559f/workspace/open/src/hotspot/share/interp
Event: 1.151 Thread 0x00007fb5fd800000 Exception <a 'java/lang/NoSuchMethodError'{0x000000078791ef10}: 'java.lang.Object java.lang.invoke.DirectMethodHandle$Holder.invokeStatic(java.lang.Object, int, java.lang.Object)'> (0x000000078791ef10) 
thrown [/scratch/mesos/slaves/d65fa3d4-10de-46aa-a2db-52cc9981537a-S157/frameworks/1735e8a2-a1db-478c-8104-60c8b0af87dd-0196/executors/cd04c109-7866-4c89-a9cb-580d1b4b0057/runs/bdf96710-70fa-465f-a6db-19a171d6559f/workspace/open/src/hotspot/share/interpreter/linkResolver.cpp, line 767]
Event: 1.157 Thread 0x00007fb5fd800000 Exception <a 'java/lang/ClassNotFoundException'{0x000000078794ba68}: com/apple/laf/resources/spi/aquaProvider> (0x000000078794ba68) 
thrown [/scratch/mesos/slaves/d65fa3d4-10de-46aa-a2db-52cc9981537a-S157/frameworks/1735e8a2-a1db-478c-8104-60c8b0af87dd-0196/executors/cd04c109-7866-4c89-a9cb-580d1b4b0057/runs/bdf96710-70fa-465f-a6db-19a171d6559f/workspace/open/src/hotspot/share/classfile/systemDictionary.cpp, line 232]
Event: 1.279 Thread 0x00007fb5fd800000 Exception <a 'java/lang/ClassNotFoundException'{0x00000007879bde08}: com/sun/swing/internal/plaf/basic/resources/spi/basicProvider> (0x00000007879bde08) 
thrown [/scratch/mesos/slaves/d65fa3d4-10de-46aa-a2db-52cc9981537a-S157/frameworks/1735e8a2-a1db-478c-8104-60c8b0af87dd-0196/executors/cd04c109-7866-4c89-a9cb-580d1b4b0057/runs/bdf96710-70fa-465f-a6db-19a171d6559f/workspace/open/src/hotspot/share/classfile/systemDictionary.cpp, line 232]
Event: 2.557 Thread 0x00007fb5fe87c800 Implicit null exception at 0x000000011a59085d to 0x000000011a590c56
Event: 2.557 Thread 0x00007fb5fe87c800 Implicit null exception at 0x000000011a5913c6 to 0x000000011a5916fe
Event: 2.750 Thread 0x00007fb5fe87c800 Exception <a 'java/lang/NoSuchMethodError'{0x0000000787fd5290}: 'int java.lang.invoke.DirectMethodHandle$Holder.invokeSpecialIFC(java.lang.Object, java.lang.Object, int)'> (0x0000000787fd5290) 
thrown [/scratch/mesos/slaves/d65fa3d4-10de-46aa-a2db-52cc9981537a-S157/frameworks/1735e8a2-a1db-478c-8104-60c8b0af87dd-0196/executors/cd04c109-7866-4c89-a9cb-580d1b4b0057/runs/bdf96710-70fa-465f-a6db-19a171d6559f/workspace/open/src/hotspot/share/interpreter/linkResolver.cpp, line 767]
Event: 2.948 Thread 0x00007fb5fe87c800 Exception <a 'java/lang/UnsatisfiedLinkError'{0x0000000787e79b48}: dlsym(0x7fb5ffb31620, _Z13hid_enumeratejj): symbol not found> (0x0000000787e79b48) 
thrown [/scratch/mesos/slaves/d65fa3d4-10de-46aa-a2db-52cc9981537a-S157/frameworks/1735e8a2-a1db-478c-8104-60c8b0af87dd-0196/executors/cd04c109-7866-4c89-a9cb-580d1b4b0057/runs/bdf96710-70fa-465f-a6db-19a171d6559f/workspace/open/src/hotspot/share/prims/jni.cpp, line 619]
Event: 2.948 Thread 0x00007fb5fe87c800 Exception <a 'java/lang/UnsatisfiedLinkError'{0x0000000787e7a400}: dlsym(0x7fb5ffb31620, ?hid_enumerate@@YAXII@Z): symbol not found> (0x0000000787e7a400) 
thrown [/scratch/mesos/slaves/d65fa3d4-10de-46aa-a2db-52cc9981537a-S157/frameworks/1735e8a2-a1db-478c-8104-60c8b0af87dd-0196/executors/cd04c109-7866-4c89-a9cb-580d1b4b0057/runs/bdf96710-70fa-465f-a6db-19a171d6559f/workspace/open/src/hotspot/share/prims/jni.cpp, line 619]
Event: 2.948 Thread 0x00007fb5fe87c800 Exception <a 'java/lang/UnsatisfiedLinkError'{0x0000000787e7adb8}: dlsym(0x7fb5ffb31620, hid_enumerate@4): symbol not found> (0x0000000787e7adb8) 
thrown [/scratch/mesos/slaves/d65fa3d4-10de-46aa-a2db-52cc9981537a-S157/frameworks/1735e8a2-a1db-478c-8104-60c8b0af87dd-0196/executors/cd04c109-7866-4c89-a9cb-580d1b4b0057/runs/bdf96710-70fa-465f-a6db-19a171d6559f/workspace/open/src/hotspot/share/prims/jni.cpp, line 619]
Event: 2.948 Thread 0x00007fb5fe87c800 Exception <a 'java/lang/UnsatisfiedLinkError'{0x0000000787e7b780}: dlsym(0x7fb5ffb31620, _hid_enumerate@4): symbol not found> (0x0000000787e7b780) 
thrown [/scratch/mesos/slaves/d65fa3d4-10de-46aa-a2db-52cc9981537a-S157/frameworks/1735e8a2-a1db-478c-8104-60c8b0af87dd-0196/executors/cd04c109-7866-4c89-a9cb-580d1b4b0057/runs/bdf96710-70fa-465f-a6db-19a171d6559f/workspace/open/src/hotspot/share/prims/jni.cpp, line 619]

Events (20 events):
Event: 2.939 loading class com/sun/jna/Library$Handler$FunctionInfo
Event: 2.939 loading class com/sun/jna/Library$Handler$FunctionInfo done
Event: 2.940 loading class com/sun/jna/Function
Event: 2.940 loading class com/sun/jna/Function done
Event: 2.941 loading class com/sun/jna/NativeMappedConverter
Event: 2.941 loading class com/sun/jna/NativeMappedConverter done
Event: 2.941 loading class com/sun/jna/TypeConverter
Event: 2.941 loading class com/sun/jna/TypeConverter done
Event: 2.941 loading class com/sun/jna/MethodParameterContext
Event: 2.941 loading class com/sun/jna/MethodParameterContext done
Event: 2.942 loading class com/sun/jna/FunctionParameterContext
Event: 2.942 loading class com/sun/jna/FunctionParameterContext done
Event: 2.943 loading class com/sun/jna/MethodResultContext
Event: 2.943 loading class com/sun/jna/MethodResultContext done
Event: 2.943 loading class com/sun/jna/FunctionResultContext
Event: 2.943 loading class com/sun/jna/FunctionResultContext done
Event: 2.944 loading class java/lang/reflect/AnnotatedType
Event: 2.944 loading class java/lang/reflect/AnnotatedType done
Event: 2.945 loading class com/ochafik/lang/jnaerator/runtime/Mangling
Event: 2.945 loading class com/ochafik/lang/jnaerator/runtime/Mangling done


Dynamic libraries:
0x00007fff6e940000 	/usr/lib/libz.1.dylib
0x00000001087a7000 	/Library/Java/JavaVirtualMachines/jdk-13.0.2.jdk/Contents/Home/lib/libjli.dylib
0x00007fff370de000 	/System/Library/Frameworks/Cocoa.framework/Versions/A/Cocoa
0x00007fff446ac000 	/System/Library/Frameworks/Security.framework/Versions/A/Security
0x00007fff36068000 	/System/Library/Frameworks/ApplicationServices.framework/Versions/A/ApplicationServices
0x00007fff6c40f000 	/usr/lib/libSystem.B.dylib
0x00007fff6f3b6000 	/usr/lib/system/libcache.dylib
0x00007fff6f3bc000 	/usr/lib/system/libcommonCrypto.dylib
0x00007fff6f3c8000 	/usr/lib/system/libcompiler_rt.dylib
0x00007fff6f3d0000 	/usr/lib/system/libcopyfile.dylib
0x00007fff6f3da000 	/usr/lib/system/libcorecrypto.dylib
0x00007fff6f588000 	/usr/lib/system/libdispatch.dylib
0x00007fff6f5ca000 	/usr/lib/system/libdyld.dylib
0x00007fff6f600000 	/usr/lib/system/libkeymgr.dylib
0x00007fff6f60e000 	/usr/lib/system/liblaunch.dylib
0x00007fff6f60f000 	/usr/lib/system/libmacho.dylib
0x00007fff6f615000 	/usr/lib/system/libquarantine.dylib
0x00007fff6f618000 	/usr/lib/system/libremovefile.dylib
0x00007fff6f61a000 	/usr/lib/system/libsystem_asl.dylib
0x00007fff6f632000 	/usr/lib/system/libsystem_blocks.dylib
0x00007fff6f633000 	/usr/lib/system/libsystem_c.dylib
0x00007fff6f6bb000 	/usr/lib/system/libsystem_configuration.dylib
0x00007fff6f6bf000 	/usr/lib/system/libsystem_coreservices.dylib
0x00007fff6f6c3000 	/usr/lib/system/libsystem_darwin.dylib
0x00007fff6f6cc000 	/usr/lib/system/libsystem_dnssd.dylib
0x00007fff6f6d4000 	/usr/lib/system/libsystem_featureflags.dylib
0x00007fff6f6d6000 	/usr/lib/system/libsystem_info.dylib
0x00007fff6f751000 	/usr/lib/system/libsystem_m.dylib
0x00007fff6f799000 	/usr/lib/system/libsystem_malloc.dylib
0x00007fff6f7c1000 	/usr/lib/system/libsystem_networkextension.dylib
0x00007fff6f7cf000 	/usr/lib/system/libsystem_notify.dylib
0x00007fff6f7ee000 	/usr/lib/system/libsystem_sandbox.dylib
0x00007fff6f7f3000 	/usr/lib/system/libsystem_secinit.dylib
0x00007fff6f724000 	/usr/lib/system/libsystem_kernel.dylib
0x00007fff6f7d9000 	/usr/lib/system/libsystem_platform.dylib
0x00007fff6f7e3000 	/usr/lib/system/libsystem_pthread.dylib
0x00007fff6f7f6000 	/usr/lib/system/libsystem_symptoms.dylib
0x00007fff6f7fe000 	/usr/lib/system/libsystem_trace.dylib
0x00007fff6f816000 	/usr/lib/system/libunwind.dylib
0x00007fff6f81c000 	/usr/lib/system/libxpc.dylib
0x00007fff6e264000 	/usr/lib/libobjc.A.dylib
0x00007fff6c749000 	/usr/lib/libc++abi.dylib
0x00007fff6c6f5000 	/usr/lib/libc++.1.dylib
0x00007fff38055000 	/System/Library/Frameworks/CoreFoundation.framework/Versions/A/CoreFoundation
0x00007fff3a71a000 	/System/Library/Frameworks/Foundation.framework/Versions/C/Foundation
0x00007fff3525d000 	/System/Library/Frameworks/AppKit.framework/Versions/C/AppKit
0x00007fff37b61000 	/System/Library/Frameworks/CoreData.framework/Versions/A/CoreData
0x00007fff68cb7000 	/System/Library/PrivateFrameworks/UIFoundation.framework/Versions/A/UIFoundation
0x00007fff63493000 	/System/Library/PrivateFrameworks/RemoteViewServices.framework/Versions/A/RemoteViewServices
0x00007fff6b74a000 	/System/Library/PrivateFrameworks/XCTTargetBootstrap.framework/Versions/A/XCTTargetBootstrap
0x00007fff37f44000 	/System/Library/Frameworks/CoreDisplay.framework/Versions/A/CoreDisplay
0x00007fff3d492000 	/System/Library/Frameworks/Metal.framework/Versions/A/Metal
0x00007fff518af000 	/System/Library/PrivateFrameworks/DesktopServicesPriv.framework/Versions/A/DesktopServicesPriv
0x00007fff6d545000 	/usr/lib/liblangid.dylib
0x00007fff509fb000 	/System/Library/PrivateFrameworks/CoreSVG.framework/Versions/A/CoreSVG
0x00007fff6625a000 	/System/Library/PrivateFrameworks/SkyLight.framework/Versions/A/SkyLight
0x00007fff384d7000 	/System/Library/Frameworks/CoreGraphics.framework/Versions/A/CoreGraphics
0x00007fff33dfc000 	/System/Library/Frameworks/Accelerate.framework/Versions/A/Accelerate
0x00007fff6e831000 	/usr/lib/libxml2.2.dylib
0x00007fff5c5bd000 	/System/Library/PrivateFrameworks/IconServices.framework/Versions/A/IconServices
0x00007fff3aeff000 	/System/Library/Frameworks/IOSurface.framework/Versions/A/IOSurface
0x00007fff6bf47000 	/usr/lib/libDiagnosticMessagesClient.dylib
0x00007fff51728000 	/System/Library/PrivateFrameworks/DFRFoundation.framework/Versions/A/DFRFoundation
0x00007fff6d2d3000 	/usr/lib/libicucore.A.dylib
0x00007fff3639a000 	/System/Library/Frameworks/AudioToolbox.framework/Versions/A/AudioToolbox
0x00007fff3647c000 	/System/Library/Frameworks/AudioUnit.framework/Versions/A/AudioUnit
0x00007fff6c610000 	/usr/lib/libauto.dylib
0x00007fff517a9000 	/System/Library/PrivateFrameworks/DataDetectorsCore.framework/Versions/A/DataDetectorsCore
0x00007fff36bfe000 	/System/Library/Frameworks/Carbon.framework/Versions/A/Frameworks/HIToolbox.framework/Versions/A/HIToolbox
0x00007fff438dd000 	/System/Library/Frameworks/QuartzCore.framework/Versions/A/QuartzCore
0x00007fff36f3d000 	/System/Library/Frameworks/Carbon.framework/Versions/A/Frameworks/SpeechRecognition.framework/Versions/A/SpeechRecognition
0x00007fff510ae000 	/System/Library/PrivateFrameworks/CoreUI.framework/Versions/A/CoreUI
0x00007fff375c7000 	/System/Library/Frameworks/CoreAudio.framework/Versions/A/CoreAudio
0x00007fff3a3e2000 	/System/Library/Frameworks/DiskArbitration.framework/Versions/A/DiskArbitration
0x00007fff5e5d2000 	/System/Library/PrivateFrameworks/MultitouchSupport.framework/Versions/A/MultitouchSupport
0x00007fff6d199000 	/usr/lib/libenergytrace.dylib
0x00007fff3ae5a000 	/System/Library/Frameworks/IOKit.framework/Versions/A/IOKit
0x00007fff39445000 	/System/Library/Frameworks/CoreServices.framework/Versions/A/CoreServices
0x00007fff606df000 	/System/Library/PrivateFrameworks/PerformanceAnalysis.framework/Versions/A/PerformanceAnalysis
0x00007fff42913000 	/System/Library/Frameworks/OpenGL.framework/Versions/A/OpenGL
0x00007fff370ec000 	/System/Library/Frameworks/ColorSync.framework/Versions/A/ColorSync
0x00007fff38b5e000 	/System/Library/Frameworks/CoreImage.framework/Versions/A/CoreImage
0x00007fff39ebb000 	/System/Library/Frameworks/CoreText.framework/Versions/A/CoreText
0x00007fff3af85000 	/System/Library/Frameworks/ImageIO.framework/Versions/A/ImageIO
0x00007fff6c771000 	/usr/lib/libcompression.dylib
0x00007fff6c289000 	/usr/lib/libMobileGestalt.dylib
0x00007fff67d99000 	/System/Library/PrivateFrameworks/TextureIO.framework/Versions/A/TextureIO
0x00007fff6c576000 	/usr/lib/libate.dylib
0x00007fff5c7c6000 	/System/Library/PrivateFrameworks/InternationalSupport.framework/Versions/A/InternationalSupport
0x00007fff6d547000 	/usr/lib/liblzma.5.dylib
0x00007fff6d1c1000 	/usr/lib/libfakelink.dylib
0x00007fff6c503000 	/usr/lib/libarchive.2.dylib
0x00007fff4584e000 	/System/Library/Frameworks/SystemConfiguration.framework/Versions/A/SystemConfiguration
0x00007fff6be78000 	/usr/lib/libCRFSuite.dylib
0x00007fff367f2000 	/System/Library/Frameworks/CFNetwork.framework/Versions/A/CFNetwork
0x00007fff6c6d7000 	/usr/lib/libbsm.0.dylib
0x00007fff6f601000 	/usr/lib/system/libkxld.dylib
0x00007fff4b1df000 	/System/Library/PrivateFrameworks/AppleFSCompression.framework/Versions/A/AppleFSCompression
0x00007fff6ca58000 	/usr/lib/libcoretls.dylib
0x00007fff6ca6f000 	/usr/lib/libcoretls_cfhelpers.dylib
0x00007fff6e2a8000 	/usr/lib/libpam.2.dylib
0x00007fff6e3db000 	/usr/lib/libsqlite3.dylib
0x00007fff6e81e000 	/usr/lib/libxar.1.dylib
0x00007fff6c6e8000 	/usr/lib/libbz2.1.0.dylib
0x00007fff6d1e2000 	/usr/lib/libiconv.2.dylib
0x00007fff6c75e000 	/usr/lib/libcharset.1.dylib
0x00007fff6dd4f000 	/usr/lib/libnetwork.dylib
0x00007fff6e2af000 	/usr/lib/libpcap.A.dylib
0x00007fff6c4b8000 	/usr/lib/libapple_nghttp2.dylib
0x00007fff397fc000 	/System/Library/Frameworks/CoreServices.framework/Versions/A/Frameworks/FSEvents.framework/Versions/A/FSEvents
0x00007fff394cc000 	/System/Library/Frameworks/CoreServices.framework/Versions/A/Frameworks/CarbonCore.framework/Versions/A/CarbonCore
0x00007fff39a3f000 	/System/Library/Frameworks/CoreServices.framework/Versions/A/Frameworks/Metadata.framework/Versions/A/Metadata
0x00007fff39ad8000 	/System/Library/Frameworks/CoreServices.framework/Versions/A/Frameworks/OSServices.framework/Versions/A/OSServices
0x00007fff39b06000 	/System/Library/Frameworks/CoreServices.framework/Versions/A/Frameworks/SearchKit.framework/Versions/A/SearchKit
0x00007fff39446000 	/System/Library/Frameworks/CoreServices.framework/Versions/A/Frameworks/AE.framework/Versions/A/AE
0x00007fff39805000 	/System/Library/Frameworks/CoreServices.framework/Versions/A/Frameworks/LaunchServices.framework/Versions/A/LaunchServices
0x00007fff397ae000 	/System/Library/Frameworks/CoreServices.framework/Versions/A/Frameworks/DictionaryServices.framework/Versions/A/DictionaryServices
0x00007fff39b6e000 	/System/Library/Frameworks/CoreServices.framework/Versions/A/Frameworks/SharedFileList.framework/Versions/A/SharedFileList
0x00007fff3e767000 	/System/Library/Frameworks/NetFS.framework/Versions/A/NetFS
0x00007fff5eb02000 	/System/Library/PrivateFrameworks/NetAuth.framework/Versions/A/NetAuth
0x00007fff6bb15000 	/System/Library/PrivateFrameworks/login.framework/Versions/A/Frameworks/loginsupport.framework/Versions/A/loginsupport
0x00007fff67894000 	/System/Library/PrivateFrameworks/TCC.framework/Versions/A/TCC
0x00007fff4fdca000 	/System/Library/PrivateFrameworks/CoreNLP.framework/Versions/A/CoreNLP
0x00007fff5e002000 	/System/Library/PrivateFrameworks/MetadataUtilities.framework/Versions/A/MetadataUtilities
0x00007fff6d61f000 	/usr/lib/libmecabra.dylib
0x00007fff6d577000 	/usr/lib/libmecab.dylib
0x00007fff6d1d2000 	/usr/lib/libgermantok.dylib
0x00007fff6c49f000 	/usr/lib/libThaiTokenizer.dylib
0x00007fff6beb0000 	/usr/lib/libChineseTokenizer.dylib
0x00007fff33e14000 	/System/Library/Frameworks/Accelerate.framework/Versions/A/Frameworks/vImage.framework/Versions/A/vImage
0x00007fff350b7000 	/System/Library/Frameworks/Accelerate.framework/Versions/A/Frameworks/vecLib.framework/Versions/A/vecLib
0x00007fff34ffb000 	/System/Library/Frameworks/Accelerate.framework/Versions/A/Frameworks/vecLib.framework/Versions/A/libvMisc.dylib
0x00007fff34e21000 	/System/Library/Frameworks/Accelerate.framework/Versions/A/Frameworks/vecLib.framework/Versions/A/libvDSP.dylib
0x00007fff34480000 	/System/Library/Frameworks/Accelerate.framework/Versions/A/Frameworks/vecLib.framework/Versions/A/libBLAS.dylib
0x00007fff349db000 	/System/Library/Frameworks/Accelerate.framework/Versions/A/Frameworks/vecLib.framework/Versions/A/libLAPACK.dylib
0x00007fff34d81000 	/System/Library/Frameworks/Accelerate.framework/Versions/A/Frameworks/vecLib.framework/Versions/A/libLinearAlgebra.dylib
0x00007fff34e0e000 	/System/Library/Frameworks/Accelerate.framework/Versions/A/Frameworks/vecLib.framework/Versions/A/libSparseBLAS.dylib
0x00007fff34d97000 	/System/Library/Frameworks/Accelerate.framework/Versions/A/Frameworks/vecLib.framework/Versions/A/libQuadrature.dylib
0x00007fff346ea000 	/System/Library/Frameworks/Accelerate.framework/Versions/A/Frameworks/vecLib.framework/Versions/A/libBNNS.dylib
0x00007fff34d9d000 	/System/Library/Frameworks/Accelerate.framework/Versions/A/Frameworks/vecLib.framework/Versions/A/libSparse.dylib
0x00007fff5cb85000 	/System/Library/PrivateFrameworks/LanguageModeling.framework/Versions/A/LanguageModeling
0x00007fff4f766000 	/System/Library/PrivateFrameworks/CoreEmoji.framework/Versions/A/CoreEmoji
0x00007fff5cca3000 	/System/Library/PrivateFrameworks/LinguisticData.framework/Versions/A/LinguisticData
0x00007fff5cc54000 	/System/Library/PrivateFrameworks/Lexicon.framework/Versions/A/Lexicon
0x00007fff6c75f000 	/usr/lib/libcmph.dylib
0x00007fff41339000 	/System/Library/Frameworks/OpenDirectory.framework/Versions/A/Frameworks/CFOpenDirectory.framework/Versions/A/CFOpenDirectory
0x00007fff41356000 	/System/Library/Frameworks/OpenDirectory.framework/Versions/A/OpenDirectory
0x00007fff49623000 	/System/Library/PrivateFrameworks/APFS.framework/Versions/A/APFS
0x00007fff449ff000 	/System/Library/Frameworks/SecurityFoundation.framework/Versions/A/SecurityFoundation
0x00007fff6e81a000 	/usr/lib/libutil.dylib
0x00007fff50a53000 	/System/Library/PrivateFrameworks/CoreServicesStore.framework/Versions/A/CoreServicesStore
0x00007fff44ab7000 	/System/Library/Frameworks/ServiceManagement.framework/Versions/A/ServiceManagement
0x00007fff4c996000 	/System/Library/PrivateFrameworks/BackgroundTaskManagement.framework/Versions/A/BackgroundTaskManagement
0x00007fff6e917000 	/usr/lib/libxslt.1.dylib
0x00007fff4b844000 	/System/Library/PrivateFrameworks/AppleSystemInfo.framework/Versions/A/AppleSystemInfo
0x00007fff3b1a2000 	/System/Library/Frameworks/ImageIO.framework/Versions/A/Resources/libJPEG.dylib
0x00007fff3b461000 	/System/Library/Frameworks/ImageIO.framework/Versions/A/Resources/libTIFF.dylib
0x00007fff3b444000 	/System/Library/Frameworks/ImageIO.framework/Versions/A/Resources/libPng.dylib
0x00007fff3b0e3000 	/System/Library/Frameworks/ImageIO.framework/Versions/A/Resources/libGIF.dylib
0x00007fff3b0e7000 	/System/Library/Frameworks/ImageIO.framework/Versions/A/Resources/libJP2.dylib
0x00007fff3b45f000 	/System/Library/Frameworks/ImageIO.framework/Versions/A/Resources/libRadiance.dylib
0x00007fff6d19a000 	/usr/lib/libexpat.1.dylib
0x00007fff4b33a000 	/System/Library/PrivateFrameworks/AppleJPEG.framework/Versions/A/AppleJPEG
0x00007fff53cb7000 	/System/Library/PrivateFrameworks/FontServices.framework/libFontParser.dylib
0x00007fff6ab6c000 	/System/Library/PrivateFrameworks/WatchdogClient.framework/Versions/A/WatchdogClient
0x00007fff5c212000 	/System/Library/PrivateFrameworks/IOAccelerator.framework/Versions/A/IOAccelerator
0x00007fff3d820000 	/System/Library/Frameworks/MetalPerformanceShaders.framework/Versions/A/MetalPerformanceShaders
0x00007fff58a05000 	/System/Library/PrivateFrameworks/GPUWrangler.framework/Versions/A/GPUWrangler
0x00007fff5c21d000 	/System/Library/PrivateFrameworks/IOPresentment.framework/Versions/A/IOPresentment
0x00007fff5173b000 	/System/Library/PrivateFrameworks/DSExternalDisplay.framework/Versions/A/DSExternalDisplay
0x00007fff41cbf000 	/System/Library/Frameworks/OpenGL.framework/Versions/A/Libraries/libCoreFSCache.dylib
0x00007fff3d572000 	/System/Library/Frameworks/MetalPerformanceShaders.framework/Frameworks/MPSCore.framework/Versions/A/MPSCore
0x00007fff3d5af000 	/System/Library/Frameworks/MetalPerformanceShaders.framework/Frameworks/MPSImage.framework/Versions/A/MPSImage
0x00007fff3d671000 	/System/Library/Frameworks/MetalPerformanceShaders.framework/Frameworks/MPSNeuralNetwork.framework/Versions/A/MPSNeuralNetwork
0x00007fff3d636000 	/System/Library/Frameworks/MetalPerformanceShaders.framework/Frameworks/MPSMatrix.framework/Versions/A/MPSMatrix
0x00007fff3d7d1000 	/System/Library/Frameworks/MetalPerformanceShaders.framework/Frameworks/MPSRayIntersector.framework/Versions/A/MPSRayIntersector
0x00007fff3d65b000 	/System/Library/Frameworks/MetalPerformanceShaders.framework/Frameworks/MPSNDArray.framework/Versions/A/MPSNDArray
0x00007fff5e04f000 	/System/Library/PrivateFrameworks/MetalTools.framework/Versions/A/MetalTools
0x00007fff4a7e8000 	/System/Library/PrivateFrameworks/AggregateDictionary.framework/Versions/A/AggregateDictionary
0x00007fff4f1f0000 	/System/Library/PrivateFrameworks/CoreAnalytics.framework/Versions/A/CoreAnalytics
0x00007fff4b762000 	/System/Library/PrivateFrameworks/AppleSauce.framework/Versions/A/AppleSauce
0x00007fff6c16c000 	/usr/lib/libIOReport.dylib
0x00007fff3a070000 	/System/Library/Frameworks/CoreVideo.framework/Versions/A/CoreVideo
0x00007fff59e73000 	/System/Library/PrivateFrameworks/GraphVisualizer.framework/Versions/A/GraphVisualizer
0x00007fff53238000 	/System/Library/PrivateFrameworks/FaceCore.framework/Versions/A/FaceCore
0x00007fff412e0000 	/System/Library/Frameworks/OpenCL.framework/Versions/A/OpenCL
0x00007fff6bf8e000 	/usr/lib/libFosl_dynamic.dylib
0x00007fff5f4fd000 	/System/Library/PrivateFrameworks/OTSVG.framework/Versions/A/OTSVG
0x00007fff3616d000 	/System/Library/Frameworks/ApplicationServices.framework/Versions/A/Frameworks/ATS.framework/Versions/A/Resources/libFontRegistry.dylib
0x00007fff53e88000 	/System/Library/PrivateFrameworks/FontServices.framework/libhvf.dylib
0x00007fff41cca000 	/System/Library/Frameworks/OpenGL.framework/Versions/A/Libraries/libGFXShared.dylib
0x00007fff41ea7000 	/System/Library/Frameworks/OpenGL.framework/Versions/A/Libraries/libGLU.dylib
0x00007fff41cd3000 	/System/Library/Frameworks/OpenGL.framework/Versions/A/Libraries/libGL.dylib
0x00007fff41cde000 	/System/Library/Frameworks/OpenGL.framework/Versions/A/Libraries/libGLImage.dylib
0x00007fff41cbc000 	/System/Library/Frameworks/OpenGL.framework/Versions/A/Libraries/libCVMSPluginSupport.dylib
0x00007fff41cc5000 	/System/Library/Frameworks/OpenGL.framework/Versions/A/Libraries/libCoreVMClient.dylib
0x00007fff6dbf1000 	/usr/lib/libncurses.5.4.dylib
0x00007fff36069000 	/System/Library/Frameworks/ApplicationServices.framework/Versions/A/Frameworks/ATS.framework/Versions/A/ATS
0x00007fff36236000 	/System/Library/Frameworks/ApplicationServices.framework/Versions/A/Frameworks/ColorSyncLegacy.framework/Versions/A/ColorSyncLegacy
0x00007fff362d5000 	/System/Library/Frameworks/ApplicationServices.framework/Versions/A/Frameworks/HIServices.framework/Versions/A/HIServices
0x00007fff3632c000 	/System/Library/Frameworks/ApplicationServices.framework/Versions/A/Frameworks/LangAnalysis.framework/Versions/A/LangAnalysis
0x00007fff3633b000 	/System/Library/Frameworks/ApplicationServices.framework/Versions/A/Frameworks/PrintCore.framework/Versions/A/PrintCore
0x00007fff36381000 	/System/Library/Frameworks/ApplicationServices.framework/Versions/A/Frameworks/QD.framework/Versions/A/QD
0x00007fff3638c000 	/System/Library/Frameworks/ApplicationServices.framework/Versions/A/Frameworks/SpeechSynthesis.framework/Versions/A/SpeechSynthesis
0x00007fff36206000 	/System/Library/Frameworks/ApplicationServices.framework/Versions/A/Frameworks/ATSUI.framework/Versions/A/ATSUI
0x00007fff6d02e000 	/usr/lib/libcups.2.dylib
0x00007fff3c8cf000 	/System/Library/Frameworks/Kerberos.framework/Versions/A/Kerberos
0x00007fff3ab4f000 	/System/Library/Frameworks/GSS.framework/Versions/A/GSS
0x00007fff6e367000 	/usr/lib/libresolv.9.dylib
0x00007fff5a014000 	/System/Library/PrivateFrameworks/Heimdal.framework/Versions/A/Heimdal
0x00007fff3c8e2000 	/System/Library/Frameworks/Kerberos.framework/Versions/A/Libraries/libHeimdalProxy.dylib
0x00007fff6d1d8000 	/usr/lib/libheimdal-asn1.dylib
0x00007fff4e696000 	/System/Library/PrivateFrameworks/CommonAuth.framework/Versions/A/CommonAuth
0x00007fff4b8e1000 	/System/Library/PrivateFrameworks/AssertionServices.framework/Versions/A/AssertionServices
0x00007fff4c484000 	/System/Library/PrivateFrameworks/AudioToolboxCore.framework/Versions/A/AudioToolboxCore
0x00007fff6b7c6000 	/System/Library/PrivateFrameworks/caulk.framework/Versions/A/caulk
0x00007fff4ca42000 	/System/Library/PrivateFrameworks/BaseBoard.framework/Versions/A/BaseBoard
0x00007fff63622000 	/System/Library/PrivateFrameworks/RunningBoardServices.framework/Versions/A/RunningBoardServices
0x00007fff606eb000 	/System/Library/PrivateFrameworks/PersistentConnection.framework/Versions/A/PersistentConnection
0x00007fff63071000 	/System/Library/PrivateFrameworks/ProtocolBuffer.framework/Versions/A/ProtocolBuffer
0x00007fff4e6bb000 	/System/Library/PrivateFrameworks/CommonUtilities.framework/Versions/A/CommonUtilities
0x00007fff4cbc5000 	/System/Library/PrivateFrameworks/Bom.framework/Versions/A/Bom
0x00007fff6be3b000 	/usr/lib/libAudioToolboxUtility.dylib
0x00007fff4c9a0000 	/System/Library/PrivateFrameworks/Backup.framework/Versions/A/Backup
0x00007fff514ab000 	/System/Library/PrivateFrameworks/CrashReporterSupport.framework/Versions/A/CrashReporterSupport
0x00007fff6511e000 	/System/Library/PrivateFrameworks/Sharing.framework/Versions/A/Sharing
0x00007fff4b085000 	/System/Library/PrivateFrameworks/Apple80211.framework/Versions/A/Apple80211
0x00007fff4c6c2000 	/System/Library/PrivateFrameworks/AuthKit.framework/Versions/A/AuthKit
0x00007fff511db000 	/System/Library/PrivateFrameworks/CoreUtils.framework/Versions/A/CoreUtils
0x00007fff3a0b5000 	/System/Library/Frameworks/CoreWLAN.framework/Versions/A/CoreWLAN
0x00007fff3acdb000 	/System/Library/Frameworks/IOBluetooth.framework/Versions/A/IOBluetooth
0x00007fff5e34d000 	/System/Library/PrivateFrameworks/MobileKeyBag.framework/Versions/A/MobileKeyBag
0x00007fff502a6000 	/System/Library/PrivateFrameworks/CorePhoneNumbers.framework/Versions/A/CorePhoneNumbers
0x00007fff4b2ed000 	/System/Library/PrivateFrameworks/AppleIDAuthSupport.framework/Versions/A/AppleIDAuthSupport
0x00007fff3e774000 	/System/Library/Frameworks/Network.framework/Versions/A/Network
0x00007fff5ca0d000 	/System/Library/PrivateFrameworks/KeychainCircle.framework/Versions/A/KeychainCircle
0x00007fff37b29000 	/System/Library/Frameworks/CoreBluetooth.framework/Versions/A/CoreBluetooth
0x00007fff66d9a000 	/System/Library/PrivateFrameworks/SpeechRecognitionCore.framework/Versions/A/SpeechRecognitionCore
0x0000000109000000 	/Library/Java/JavaVirtualMachines/jdk-13.0.2.jdk/Contents/Home/lib/server/libjvm.dylib
0x00000001087c7000 	/Library/Java/JavaVirtualMachines/jdk-13.0.2.jdk/Contents/Home/lib/libverify.dylib
0x00000001087d3000 	/Library/Java/JavaVirtualMachines/jdk-13.0.2.jdk/Contents/Home/lib/libjava.dylib
0x0000000109e33000 	/Library/Java/JavaVirtualMachines/jdk-13.0.2.jdk/Contents/Home/lib/libzip.dylib
0x0000000109e3a000 	/Library/Java/JavaVirtualMachines/jdk-13.0.2.jdk/Contents/Home/lib/libjimage.dylib
0x000000012af01000 	/Library/Java/JavaVirtualMachines/jdk-13.0.2.jdk/Contents/Home/lib/libnio.dylib
0x000000012af0f000 	/Library/Java/JavaVirtualMachines/jdk-13.0.2.jdk/Contents/Home/lib/libnet.dylib
0x000000012b02d000 	/Library/Java/JavaVirtualMachines/jdk-13.0.2.jdk/Contents/Home/lib/libawt.dylib
0x000000012b0c3000 	/Library/Java/JavaVirtualMachines/jdk-13.0.2.jdk/Contents/Home/lib/libmlib_image.dylib
0x00007fff3c8b8000 	/System/Library/Frameworks/JavaVM.framework/Versions/A/Frameworks/JavaNativeFoundation.framework/Versions/A/JavaNativeFoundation
0x00007fff3c8c1000 	/System/Library/Frameworks/JavaVM.framework/Versions/A/Frameworks/JavaRuntimeSupport.framework/Versions/A/JavaRuntimeSupport
0x00007fff3c8ca000 	/System/Library/Frameworks/JavaVM.framework/Versions/A/JavaVM
0x00007fff5c870000 	/System/Library/PrivateFrameworks/JavaLaunching.framework/Versions/A/JavaLaunching
0x00007fff36bf9000 	/System/Library/Frameworks/Carbon.framework/Versions/A/Carbon
0x00007fff50f8f000 	/System/Library/PrivateFrameworks/CoreSymbolication.framework/Versions/A/CoreSymbolication
0x00007fff36bfa000 	/System/Library/Frameworks/Carbon.framework/Versions/A/Frameworks/CommonPanels.framework/Versions/A/CommonPanels
0x00007fff36ef3000 	/System/Library/Frameworks/Carbon.framework/Versions/A/Frameworks/Help.framework/Versions/A/Help
0x00007fff36ef7000 	/System/Library/Frameworks/Carbon.framework/Versions/A/Frameworks/ImageCapture.framework/Versions/A/ImageCapture
0x00007fff36efe000 	/System/Library/Frameworks/Carbon.framework/Versions/A/Frameworks/OpenScripting.framework/Versions/A/OpenScripting
0x00007fff36efd000 	/System/Library/Frameworks/Carbon.framework/Versions/A/Frameworks/Ink.framework/Versions/A/Ink
0x00007fff36f39000 	/System/Library/Frameworks/Carbon.framework/Versions/A/Frameworks/Print.framework/Versions/A/Print
0x00007fff36f3a000 	/System/Library/Frameworks/Carbon.framework/Versions/A/Frameworks/SecurityHI.framework/Versions/A/SecurityHI
0x00007fff51870000 	/System/Library/PrivateFrameworks/DebugSymbols.framework/Versions/A/DebugSymbols
0x000000012b129000 	/Library/Java/JavaVirtualMachines/jdk-13.0.2.jdk/Contents/Home/lib/libawt_lwawt.dylib
0x000000012b1d3000 	/Library/Java/JavaVirtualMachines/jdk-13.0.2.jdk/Contents/Home/lib/libosxapp.dylib
0x00007fff3a5bd000 	/System/Library/Frameworks/ExceptionHandling.framework/Versions/A/ExceptionHandling
0x000000012b1ee000 	/Library/Java/JavaVirtualMachines/jdk-13.0.2.jdk/Contents/Home/lib/libfontmanager.dylib
0x000000012b2ec000 	/Library/Java/JavaVirtualMachines/jdk-13.0.2.jdk/Contents/Home/lib/libfreetype.dylib
0x00007fff50a1f000 	/System/Library/PrivateFrameworks/CoreServicesInternal.framework/Versions/A/CoreServicesInternal
0x00007fff3a5dc000 	/System/Library/Frameworks/FileProvider.framework/Versions/A/FileProvider
0x00007fff350b8000 	/System/Library/Frameworks/Accounts.framework/Versions/A/Accounts
0x00007fff58d29000 	/System/Library/PrivateFrameworks/GenerationalStorage.framework/Versions/A/GenerationalStorage
0x00007fff675d5000 	/System/Library/PrivateFrameworks/SymptomDiagnosticReporter.framework/Versions/A/SymptomDiagnosticReporter
0x00007fff4ab76000 	/System/Library/PrivateFrameworks/AppContainer.framework/Versions/A/AppContainer
0x00007fff6e381000 	/usr/lib/libsandbox.1.dylib
0x00007fff69b05000 	/System/Library/PrivateFrameworks/UserManagement.framework/Versions/A/UserManagement
0x00007fff4d787000 	/System/Library/PrivateFrameworks/ChunkingLibrary.framework/Versions/A/ChunkingLibrary
0x00007fff4abe8000 	/System/Library/PrivateFrameworks/AppSandbox.framework/Versions/A/AppSandbox
0x00007fff64fa8000 	/System/Library/PrivateFrameworks/SecCodeWrapper.framework/Versions/A/SecCodeWrapper
0x00007fff6c252000 	/usr/lib/libMatch.1.dylib
0x00007fff2c6d5000 	/System/Library/CoreServices/RawCamera.bundle/Contents/MacOS/RawCamera
0x00007fff5e177000 	/System/Library/PrivateFrameworks/MobileAsset.framework/Versions/A/MobileAsset
0x00007fff67483000 	/System/Library/PrivateFrameworks/StreamingZip.framework/Versions/A/StreamingZip
0x00007fff3cd4b000 	/System/Library/Frameworks/MediaToolbox.framework/Versions/A/MediaToolbox
0x00007fff4f19f000 	/System/Library/PrivateFrameworks/CoreAVCHD.framework/Versions/A/CoreAVCHD
0x00007fff3cc75000 	/System/Library/Frameworks/MediaAccessibility.framework/Versions/A/MediaAccessibility
0x00007fff5d542000 	/System/Library/PrivateFrameworks/Mangrove.framework/Versions/A/Mangrove
0x00007fff3927f000 	/System/Library/Frameworks/CoreMedia.framework/Versions/A/CoreMedia
0x00007fff5d7ae000 	/System/Library/PrivateFrameworks/MediaExperience.framework/Versions/A/MediaExperience
0x00007fff45b34000 	/System/Library/Frameworks/VideoToolbox.framework/Versions/A/VideoToolbox
0x00007fff4edc9000 	/System/Library/PrivateFrameworks/CoreAUC.framework/Versions/A/CoreAUC
0x00007fff6e3d9000 	/usr/lib/libspindump.dylib
0x00007fff4be2f000 	/System/Library/PrivateFrameworks/AudioResourceArbitration.framework/Versions/A/AudioResourceArbitration
0x00007fff4b848000 	/System/Library/PrivateFrameworks/AppleVA.framework/Versions/A/AppleVA
0x00007fff33dfd000 	/System/Library/Frameworks/Accelerate.framework/Versions/A/Frameworks/vImage.framework/Versions/A/Libraries/libCGInterfaces.dylib
0x000000012c8a7000 	/usr/lib/libobjc-trampolines.dylib
0x00007fff53def000 	/System/Library/PrivateFrameworks/FontServices.framework/libTrueTypeScaler.dylib
0x00007fff2f1ae000 	/System/Library/Extensions/AppleIntelBDWGraphicsMTLDriver.bundle/Contents/MacOS/AppleIntelBDWGraphicsMTLDriver
0x00007fff5735d000 	/System/Library/PrivateFrameworks/GPUCompiler.framework/Versions/3902/Libraries/libmetal_timestamp.dylib
0x00007fff6a8db000 	/System/Library/PrivateFrameworks/ViewBridge.framework/Versions/A/ViewBridge
0x000000012d043000 	/Library/Java/JavaVirtualMachines/jdk-13.0.2.jdk/Contents/Home/lib/libosxui.dylib
0x00007fff42923000 	/System/Library/Frameworks/OpenGL.framework/Versions/A/Resources/GLEngine.bundle/GLEngine
0x00007fff41d14000 	/System/Library/Frameworks/OpenGL.framework/Versions/A/Libraries/libGLProgrammability.dylib
0x00007fff2eca9000 	/System/Library/Extensions/AppleIntelBDWGraphicsGLDriver.bundle/Contents/MacOS/AppleIntelBDWGraphicsGLDriver
0x00007fff589f9000 	/System/Library/PrivateFrameworks/GPUSupport.framework/Versions/A/Libraries/libGPUSupportMercury.dylib
0x00007fff42a9d000 	/System/Library/Frameworks/OpenGL.framework/Versions/A/Resources/GLRendererFloat.bundle/GLRendererFloat
0x00007fff412d7000 	/System/Library/Frameworks/OpenCL.framework/Versions/A/Libraries/libcldcpuengine.dylib
0x00007fff6cc13000 	/usr/lib/libcrypto.35.dylib
0x00007fff67fdd000 	/System/Library/PrivateFrameworks/TrustEvaluationAgent.framework/Versions/A/TrustEvaluationAgent
0x00007fff6bb18000 	/System/Library/PrivateFrameworks/login.framework/Versions/A/login
0x000000012e9fd000 	/private/var/folders/kk/xwlltym1079565f2g6xxqky80000gn/T/jna16003415032949771102.tmp
0x000000012d066000 	/Users/hamzaserrokh/eclipse-workspace/Navigate/libhidapi64.dylib
0x00007fff6e6ec000 	/usr/lib/libstdc++.6.dylib
0x000000012d06e000 	/Users/hamzaserrokh/eclipse-workspace/Navigate/libhidapi32.dylib
0x000000012eb05000 	/System/Library/Extensions/IOHIDFamily.kext/Contents/PlugIns/IOHIDLib.plugin/Contents/MacOS/IOHIDLib


VM Arguments:
jvm_args: -Dfile.encoding=UTF-8 
java_command: Forward_back
java_class_path (initial): /Users/hamzaserrokh/eclipse-workspace/Navigate/bin:/Users/hamzaserrokh/Downloads/wetransfer-5e828c/finch.jar:/Users/hamzaserrokh/Downloads/wetransfer-5e828c/jnaerator-0.9.5.jar
Launcher Type: SUN_STANDARD

[Global flags]
     intx CICompilerCount                          = 3                                         {product} {ergonomic}
     uint ConcGCThreads                            = 1                                         {product} {ergonomic}
     uint G1ConcRefinementThreads                  = 4                                         {product} {ergonomic}
   size_t G1HeapRegionSize                         = 1048576                                   {product} {ergonomic}
    uintx GCDrainStackTargetSize                   = 64                                        {product} {ergonomic}
   size_t InitialHeapSize                          = 134217728                                 {product} {ergonomic}
   size_t MarkStackSize                            = 4194304                                   {product} {ergonomic}
   size_t MaxHeapSize                              = 2147483648                                {product} {ergonomic}
   size_t MaxNewSize                               = 1287651328                                {product} {ergonomic}
   size_t MinHeapDeltaBytes                        = 1048576                                   {product} {ergonomic}
   size_t MinHeapSize                              = 8388608                                   {product} {ergonomic}
    uintx NonNMethodCodeHeapSize                   = 5832780                                {pd product} {ergonomic}
    uintx NonProfiledCodeHeapSize                  = 122912730                              {pd product} {ergonomic}
    uintx ProfiledCodeHeapSize                     = 122912730                              {pd product} {ergonomic}
    uintx ReservedCodeCacheSize                    = 251658240                              {pd product} {ergonomic}
     bool SegmentedCodeCache                       = true                                      {product} {ergonomic}
   size_t SoftMaxHeapSize                          = 2147483648                             {manageable} {ergonomic}
     bool UseCompressedClassPointers               = true                                 {lp64_product} {ergonomic}
     bool UseCompressedOops                        = true                                 {lp64_product} {ergonomic}
     bool UseG1GC                                  = true                                      {product} {ergonomic}

Logging:
Log output configuration:
 #0: stdout all=warning uptime,level,tags
 #1: stderr all=off uptime,level,tags

Environment Variables:
PATH=/usr/bin:/bin:/usr/sbin:/sbin
SHELL=/bin/zsh

Signal Handlers:
SIGSEGV: [libjvm.dylib+0x77ba40], sa_mask[0]=11111111011111110111111111111111, sa_flags=SA_ONSTACK|SA_RESTART|SA_SIGINFO
SIGBUS: [libjvm.dylib+0x77ba40], sa_mask[0]=11111111011111110111111111111111, sa_flags=SA_RESTART|SA_SIGINFO
SIGFPE: [libjvm.dylib+0x77ba40], sa_mask[0]=11111111011111110111111111111111, sa_flags=SA_RESTART|SA_SIGINFO
SIGPIPE: [libjvm.dylib+0x6221fd], sa_mask[0]=11111111011111110111111111111111, sa_flags=SA_RESTART|SA_SIGINFO
SIGXFSZ: [libjvm.dylib+0x6221fd], sa_mask[0]=11111111011111110111111111111111, sa_flags=SA_RESTART|SA_SIGINFO
SIGILL: [libjvm.dylib+0x77ba40], sa_mask[0]=11111111011111110111111111111111, sa_flags=SA_RESTART|SA_SIGINFO
SIGUSR2: [libjvm.dylib+0x6227e7], sa_mask[0]=00100000000000000000000000000000, sa_flags=SA_RESTART|SA_SIGINFO
SIGHUP: [libjvm.dylib+0x6217d5], sa_mask[0]=11111111011111110111111111111111, sa_flags=SA_RESTART|SA_SIGINFO
SIGINT: [libjvm.dylib+0x6217d5], sa_mask[0]=11111111011111110111111111111111, sa_flags=SA_RESTART|SA_SIGINFO
SIGTERM: [libjvm.dylib+0x6217d5], sa_mask[0]=11111111011111110111111111111111, sa_flags=SA_RESTART|SA_SIGINFO
SIGQUIT: [libjvm.dylib+0x6217d5], sa_mask[0]=11111111011111110111111111111111, sa_flags=SA_RESTART|SA_SIGINFO


---------------  S Y S T E M  ---------------

OS:uname:Darwin 19.3.0 Darwin Kernel Version 19.3.0: Thu Jan  9 20:58:23 PST 2020; root:xnu-6153.81.5~1/RELEASE_X86_64 x86_64
rlimit: STACK 8192k, CORE 0k, NPROC 1392, NOFILE 10240, AS infinity, DATA infinity, FSIZE infinity
load average:3.93 2.86 2.54

CPU:total 4 (initial active 4) (2 cores per cpu, 2 threads per core) family 6 model 61 stepping 4, cmov, cx8, fxsr, mmx, sse, sse2, sse3, ssse3, sse4.1, sse4.2, popcnt, avx, avx2, aes, clmul, erms, rtm, 3dnowpref, lzcnt, ht, tsc, tscinvbit, bmi1, bmi2, adx, fma

Memory: 4k page, physical 8388608k(66952k free), swap 0k(0k free)

vm_info: Java HotSpot(TM) 64-Bit Server VM (13.0.2+8) for bsd-amd64 JRE (13.0.2+8), built on Dec 11 2019 09:27:08 by "mach5one" with clang 4.2.1 Compatible Apple LLVM 10.0.0 (clang-1000.11.45.5)

END.
